<?xml version="1.0" encoding="UTF-8"?>
<testsuite name="org.generation.GuidaniApplicationTests" tests="1" skipped="0" failures="0" errors="0" timestamp="2022-11-18T04:27:38" hostname="DESKTOP-O76PPPN" time="0.371">
  <properties/>
  <testcase name="contextLoads()" classname="org.generation.GuidaniApplicationTests" time="0.371"/>
  <system-out><![CDATA[22:27:19.291 [Test worker] DEBUG org.springframework.test.context.BootstrapUtils - Instantiating CacheAwareContextLoaderDelegate from class [org.springframework.test.context.cache.DefaultCacheAwareContextLoaderDelegate]
22:27:19.318 [Test worker] DEBUG org.springframework.test.context.BootstrapUtils - Instantiating BootstrapContext using constructor [public org.springframework.test.context.support.DefaultBootstrapContext(java.lang.Class,org.springframework.test.context.CacheAwareContextLoaderDelegate)]
22:27:19.388 [Test worker] DEBUG org.springframework.test.context.BootstrapUtils - Instantiating TestContextBootstrapper for test class [org.generation.GuidaniApplicationTests] from class [org.springframework.boot.test.context.SpringBootTestContextBootstrapper]
22:27:19.412 [Test worker] INFO org.springframework.boot.test.context.SpringBootTestContextBootstrapper - Neither @ContextConfiguration nor @ContextHierarchy found for test class [org.generation.GuidaniApplicationTests], using SpringBootContextLoader
22:27:19.421 [Test worker] DEBUG org.springframework.test.context.support.AbstractContextLoader - Did not detect default resource location for test class [org.generation.GuidaniApplicationTests]: class path resource [org/generation/GuidaniApplicationTests-context.xml] does not exist
22:27:19.422 [Test worker] DEBUG org.springframework.test.context.support.AbstractContextLoader - Did not detect default resource location for test class [org.generation.GuidaniApplicationTests]: class path resource [org/generation/GuidaniApplicationTestsContext.groovy] does not exist
22:27:19.422 [Test worker] INFO org.springframework.test.context.support.AbstractContextLoader - Could not detect default resource locations for test class [org.generation.GuidaniApplicationTests]: no resource found for suffixes {-context.xml, Context.groovy}.
22:27:19.423 [Test worker] INFO org.springframework.test.context.support.AnnotationConfigContextLoaderUtils - Could not detect default configuration classes for test class [org.generation.GuidaniApplicationTests]: GuidaniApplicationTests does not declare any static, non-private, non-final, nested classes annotated with @Configuration.
22:27:19.515 [Test worker] DEBUG org.springframework.test.context.support.ActiveProfilesUtils - Could not find an 'annotation declaring class' for annotation type [org.springframework.test.context.ActiveProfiles] and class [org.generation.GuidaniApplicationTests]
22:27:19.645 [Test worker] DEBUG org.springframework.context.annotation.ClassPathScanningCandidateComponentProvider - Identified candidate component class: file [D:\proyecto\Guidani\build\classes\java\main\org\generation\GuidaniApplication.class]
22:27:19.647 [Test worker] INFO org.springframework.boot.test.context.SpringBootTestContextBootstrapper - Found @SpringBootConfiguration org.generation.GuidaniApplication for test class org.generation.GuidaniApplicationTests
22:27:19.910 [Test worker] DEBUG org.springframework.boot.test.context.SpringBootTestContextBootstrapper - @TestExecutionListeners is not present for class [org.generation.GuidaniApplicationTests]: using defaults.
22:27:19.911 [Test worker] INFO org.springframework.boot.test.context.SpringBootTestContextBootstrapper - Loaded default TestExecutionListener class names from location [META-INF/spring.factories]: [org.springframework.boot.test.autoconfigure.restdocs.RestDocsTestExecutionListener, org.springframework.boot.test.autoconfigure.web.client.MockRestServiceServerResetTestExecutionListener, org.springframework.boot.test.autoconfigure.web.servlet.MockMvcPrintOnlyOnFailureTestExecutionListener, org.springframework.boot.test.autoconfigure.web.servlet.WebDriverTestExecutionListener, org.springframework.boot.test.autoconfigure.webservices.client.MockWebServiceServerTestExecutionListener, org.springframework.boot.test.mock.mockito.MockitoTestExecutionListener, org.springframework.boot.test.mock.mockito.ResetMocksTestExecutionListener, org.springframework.test.context.web.ServletTestExecutionListener, org.springframework.test.context.support.DirtiesContextBeforeModesTestExecutionListener, org.springframework.test.context.event.ApplicationEventsTestExecutionListener, org.springframework.test.context.support.DependencyInjectionTestExecutionListener, org.springframework.test.context.support.DirtiesContextTestExecutionListener, org.springframework.test.context.transaction.TransactionalTestExecutionListener, org.springframework.test.context.jdbc.SqlScriptsTestExecutionListener, org.springframework.test.context.event.EventPublishingTestExecutionListener]
22:27:19.959 [Test worker] INFO org.springframework.boot.test.context.SpringBootTestContextBootstrapper - Using TestExecutionListeners: [org.springframework.test.context.web.ServletTestExecutionListener@4648ce9, org.springframework.test.context.support.DirtiesContextBeforeModesTestExecutionListener@569bf9eb, org.springframework.test.context.event.ApplicationEventsTestExecutionListener@61526469, org.springframework.boot.test.mock.mockito.MockitoTestExecutionListener@274872f8, org.springframework.boot.test.autoconfigure.SpringBootDependencyInjectionTestExecutionListener@76ba13c, org.springframework.test.context.support.DirtiesContextTestExecutionListener@eb6449b, org.springframework.test.context.transaction.TransactionalTestExecutionListener@7c351808, org.springframework.test.context.jdbc.SqlScriptsTestExecutionListener@180e6ac4, org.springframework.test.context.event.EventPublishingTestExecutionListener@42b64ab8, org.springframework.boot.test.autoconfigure.restdocs.RestDocsTestExecutionListener@7e985ce9, org.springframework.boot.test.autoconfigure.web.client.MockRestServiceServerResetTestExecutionListener@2a39fe6a, org.springframework.boot.test.autoconfigure.web.servlet.MockMvcPrintOnlyOnFailureTestExecutionListener@410ae9a3, org.springframework.boot.test.autoconfigure.web.servlet.WebDriverTestExecutionListener@319988b0, org.springframework.boot.test.autoconfigure.webservices.client.MockWebServiceServerTestExecutionListener@d5ae57e, org.springframework.boot.test.mock.mockito.ResetMocksTestExecutionListener@68759011]
22:27:19.965 [Test worker] DEBUG org.springframework.test.context.support.AbstractDirtiesContextTestExecutionListener - Before test class: context [DefaultTestContext@36b0fcd5 testClass = GuidaniApplicationTests, testInstance = [null], testMethod = [null], testException = [null], mergedContextConfiguration = [WebMergedContextConfiguration@4fad94a7 testClass = GuidaniApplicationTests, locations = '{}', classes = '{class org.generation.GuidaniApplication}', contextInitializerClasses = '[]', activeProfiles = '{}', propertySourceLocations = '{}', propertySourceProperties = '{org.springframework.boot.test.context.SpringBootTestContextBootstrapper=true}', contextCustomizers = set[org.springframework.boot.test.autoconfigure.actuate.metrics.MetricsExportContextCustomizerFactory$DisableMetricExportContextCustomizer@34f22f9d, org.springframework.boot.test.autoconfigure.properties.PropertyMappingContextCustomizer@0, org.springframework.boot.test.autoconfigure.web.servlet.WebDriverContextCustomizerFactory$Customizer@460ebd80, org.springframework.boot.test.context.filter.ExcludeFilterContextCustomizer@1afdd473, org.springframework.boot.test.json.DuplicateJsonObjectContextCustomizerFactory$DuplicateJsonObjectContextCustomizer@51acdf2e, org.springframework.boot.test.mock.mockito.MockitoContextCustomizer@0, org.springframework.boot.test.web.client.TestRestTemplateContextCustomizer@525575, org.springframework.boot.test.context.SpringBootTestArgs@1, org.springframework.boot.test.context.SpringBootTestWebEnvironment@2053d869], resourceBasePath = 'src/main/webapp', contextLoader = 'org.springframework.boot.test.context.SpringBootContextLoader', parent = [null]], attributes = map['org.springframework.test.context.web.ServletTestExecutionListener.activateListener' -> true]], class annotated with @DirtiesContext [false] with mode [null].
                                                                              dddddddd
                                        iiii                                  d::::::d                                      iiii
                                       i::::i                                 d::::::d                                     i::::i
                                        iiii                                  d::::::d                                      iiii
                                                                              d:::::d
   ggggggggg   ggggguuuuuu    uuuuuu  iiiiiii     eeeeeeeeeeee        ddddddddd:::::d   aaaaaaaaaaaaa   nnnn  nnnnnnnn    iiiiiii
  g:::::::::ggg::::gu::::u    u::::u  i:::::i   ee::::::::::::ee    dd::::::::::::::d   a::::::::::::a  n:::nn::::::::nn  i:::::i
 g:::::::::::::::::gu::::u    u::::u   i::::i  e::::::eeeee:::::ee d::::::::::::::::d   aaaaaaaaa:::::a n::::::::::::::nn  i::::i
g::::::ggggg::::::ggu::::u    u::::u   i::::i e::::::e     e:::::ed:::::::ddddd:::::d            a::::a nn:::::::::::::::n i::::i
g:::::g     g:::::g u::::u    u::::u   i::::i e:::::::eeeee::::::ed::::::d    d:::::d     aaaaaaa:::::a   n:::::nnnn:::::n i::::i
g:::::g     g:::::g u::::u    u::::u   i::::i e:::::::::::::::::e d:::::d     d:::::d   aa::::::::::::a   n::::n    n::::n i::::i
g:::::g     g:::::g u::::u    u::::u   i::::i e::::::eeeeeeeeeee  d:::::d     d:::::d  a::::aaaa::::::a   n::::n    n::::n i::::i
g::::::g    g:::::g u:::::uuuu:::::u   i::::i e:::::::e           d:::::d     d:::::d a::::a    a:::::a   n::::n    n::::n i::::i
g:::::::ggggg:::::g u:::::::::::::::uui::::::ie::::::::e          d::::::ddddd::::::dda::::a    a:::::a   n::::n    n::::ni::::::i
 g::::::::::::::::g  u:::::::::::::::ui::::::i e::::::::eeeeeeee   d:::::::::::::::::da:::::aaaa::::::a   n::::n    n::::ni::::::i
  gg::::::::::::::g   uu::::::::uu:::ui::::::i  ee:::::::::::::e    d:::::::::ddd::::d a::::::::::aa:::a  n::::n    n::::ni::::::i
    gggggggg::::::g     uuuuuuuu  uuuuiiiiiiii    eeeeeeeeeeeeee     ddddddddd   ddddd  aaaaaaaaaa  aaaa  nnnnnn    nnnnnniiiiiiii
            g:::::g
gggggg      g:::::g
g:::::gg   gg:::::g
 g::::::ggg:::::::g
  gg:::::::::::::g
    ggg::::::ggg
       gggggg

2022-11-17 22:27:20.749  INFO 10564 --- [    Test worker] org.generation.GuidaniApplicationTests   : Starting GuidaniApplicationTests using Java 17.0.4.1 on DESKTOP-O76PPPN with PID 10564 (started by jesus in D:\proyecto\Guidani)
2022-11-17 22:27:20.751  INFO 10564 --- [    Test worker] org.generation.GuidaniApplicationTests   : No active profile set, falling back to 1 default profile: "default"
2022-11-17 22:27:22.521  INFO 10564 --- [    Test worker] .s.d.r.c.RepositoryConfigurationDelegate : Bootstrapping Spring Data JPA repositories in DEFAULT mode.
2022-11-17 22:27:22.683  INFO 10564 --- [    Test worker] .s.d.r.c.RepositoryConfigurationDelegate : Finished Spring Data repository scanning in 129 ms. Found 9 JPA repository interfaces.
2022-11-17 22:27:24.261  INFO 10564 --- [    Test worker] o.hibernate.jpa.internal.util.LogHelper  : HHH000204: Processing PersistenceUnitInfo [name: default]
2022-11-17 22:27:24.386  INFO 10564 --- [    Test worker] org.hibernate.Version                    : HHH000412: Hibernate ORM core version 5.6.12.Final
2022-11-17 22:27:24.782  INFO 10564 --- [    Test worker] o.hibernate.annotations.common.Version   : HCANN000001: Hibernate Commons Annotations {5.1.2.Final}
2022-11-17 22:27:24.875 DEBUG 10564 --- [    Test worker] org.hibernate.type.BasicTypeRegistry     : Adding type registration boolean -> org.hibernate.type.BooleanType@26be9a6
2022-11-17 22:27:24.876 DEBUG 10564 --- [    Test worker] org.hibernate.type.BasicTypeRegistry     : Adding type registration boolean -> org.hibernate.type.BooleanType@26be9a6
2022-11-17 22:27:24.878 DEBUG 10564 --- [    Test worker] org.hibernate.type.BasicTypeRegistry     : Adding type registration java.lang.Boolean -> org.hibernate.type.BooleanType@26be9a6
2022-11-17 22:27:24.881 DEBUG 10564 --- [    Test worker] org.hibernate.type.BasicTypeRegistry     : Adding type registration numeric_boolean -> org.hibernate.type.NumericBooleanType@78e68401
2022-11-17 22:27:24.883 DEBUG 10564 --- [    Test worker] org.hibernate.type.BasicTypeRegistry     : Adding type registration true_false -> org.hibernate.type.TrueFalseType@797fcf9
2022-11-17 22:27:24.885 DEBUG 10564 --- [    Test worker] org.hibernate.type.BasicTypeRegistry     : Adding type registration yes_no -> org.hibernate.type.YesNoType@b5aa65b
2022-11-17 22:27:24.890 DEBUG 10564 --- [    Test worker] org.hibernate.type.BasicTypeRegistry     : Adding type registration byte -> org.hibernate.type.ByteType@32ea16b7
2022-11-17 22:27:24.892 DEBUG 10564 --- [    Test worker] org.hibernate.type.BasicTypeRegistry     : Adding type registration byte -> org.hibernate.type.ByteType@32ea16b7
2022-11-17 22:27:24.895 DEBUG 10564 --- [    Test worker] org.hibernate.type.BasicTypeRegistry     : Adding type registration java.lang.Byte -> org.hibernate.type.ByteType@32ea16b7
2022-11-17 22:27:24.898 DEBUG 10564 --- [    Test worker] org.hibernate.type.BasicTypeRegistry     : Adding type registration character -> org.hibernate.type.CharacterType@6af65f29
2022-11-17 22:27:24.899 DEBUG 10564 --- [    Test worker] org.hibernate.type.BasicTypeRegistry     : Adding type registration char -> org.hibernate.type.CharacterType@6af65f29
2022-11-17 22:27:24.900 DEBUG 10564 --- [    Test worker] org.hibernate.type.BasicTypeRegistry     : Adding type registration java.lang.Character -> org.hibernate.type.CharacterType@6af65f29
2022-11-17 22:27:24.902 DEBUG 10564 --- [    Test worker] org.hibernate.type.BasicTypeRegistry     : Adding type registration short -> org.hibernate.type.ShortType@58b311ba
2022-11-17 22:27:24.903 DEBUG 10564 --- [    Test worker] org.hibernate.type.BasicTypeRegistry     : Adding type registration short -> org.hibernate.type.ShortType@58b311ba
2022-11-17 22:27:24.906 DEBUG 10564 --- [    Test worker] org.hibernate.type.BasicTypeRegistry     : Adding type registration java.lang.Short -> org.hibernate.type.ShortType@58b311ba
2022-11-17 22:27:24.913 DEBUG 10564 --- [    Test worker] org.hibernate.type.BasicTypeRegistry     : Adding type registration integer -> org.hibernate.type.IntegerType@4c38cd16
2022-11-17 22:27:24.913 DEBUG 10564 --- [    Test worker] org.hibernate.type.BasicTypeRegistry     : Adding type registration int -> org.hibernate.type.IntegerType@4c38cd16
2022-11-17 22:27:24.914 DEBUG 10564 --- [    Test worker] org.hibernate.type.BasicTypeRegistry     : Adding type registration java.lang.Integer -> org.hibernate.type.IntegerType@4c38cd16
2022-11-17 22:27:24.916 DEBUG 10564 --- [    Test worker] org.hibernate.type.BasicTypeRegistry     : Adding type registration long -> org.hibernate.type.LongType@28fc1132
2022-11-17 22:27:24.917 DEBUG 10564 --- [    Test worker] org.hibernate.type.BasicTypeRegistry     : Adding type registration long -> org.hibernate.type.LongType@28fc1132
2022-11-17 22:27:24.917 DEBUG 10564 --- [    Test worker] org.hibernate.type.BasicTypeRegistry     : Adding type registration java.lang.Long -> org.hibernate.type.LongType@28fc1132
2022-11-17 22:27:24.919 DEBUG 10564 --- [    Test worker] org.hibernate.type.BasicTypeRegistry     : Adding type registration float -> org.hibernate.type.FloatType@66f5b8fe
2022-11-17 22:27:24.920 DEBUG 10564 --- [    Test worker] org.hibernate.type.BasicTypeRegistry     : Adding type registration float -> org.hibernate.type.FloatType@66f5b8fe
2022-11-17 22:27:24.921 DEBUG 10564 --- [    Test worker] org.hibernate.type.BasicTypeRegistry     : Adding type registration java.lang.Float -> org.hibernate.type.FloatType@66f5b8fe
2022-11-17 22:27:24.923 DEBUG 10564 --- [    Test worker] org.hibernate.type.BasicTypeRegistry     : Adding type registration double -> org.hibernate.type.DoubleType@6986f93e
2022-11-17 22:27:24.923 DEBUG 10564 --- [    Test worker] org.hibernate.type.BasicTypeRegistry     : Adding type registration double -> org.hibernate.type.DoubleType@6986f93e
2022-11-17 22:27:24.923 DEBUG 10564 --- [    Test worker] org.hibernate.type.BasicTypeRegistry     : Adding type registration java.lang.Double -> org.hibernate.type.DoubleType@6986f93e
2022-11-17 22:27:24.925 DEBUG 10564 --- [    Test worker] org.hibernate.type.BasicTypeRegistry     : Adding type registration big_decimal -> org.hibernate.type.BigDecimalType@353e6389
2022-11-17 22:27:24.925 DEBUG 10564 --- [    Test worker] org.hibernate.type.BasicTypeRegistry     : Adding type registration java.math.BigDecimal -> org.hibernate.type.BigDecimalType@353e6389
2022-11-17 22:27:24.931 DEBUG 10564 --- [    Test worker] org.hibernate.type.BasicTypeRegistry     : Adding type registration big_integer -> org.hibernate.type.BigIntegerType@68631b1d
2022-11-17 22:27:24.936 DEBUG 10564 --- [    Test worker] org.hibernate.type.BasicTypeRegistry     : Adding type registration java.math.BigInteger -> org.hibernate.type.BigIntegerType@68631b1d
2022-11-17 22:27:24.947 DEBUG 10564 --- [    Test worker] org.hibernate.type.BasicTypeRegistry     : Adding type registration string -> org.hibernate.type.StringType@4d354a3e
2022-11-17 22:27:24.959 DEBUG 10564 --- [    Test worker] org.hibernate.type.BasicTypeRegistry     : Adding type registration java.lang.String -> org.hibernate.type.StringType@4d354a3e
2022-11-17 22:27:24.961 DEBUG 10564 --- [    Test worker] org.hibernate.type.BasicTypeRegistry     : Adding type registration nstring -> org.hibernate.type.StringNVarcharType@183fc2fa
2022-11-17 22:27:24.963 DEBUG 10564 --- [    Test worker] org.hibernate.type.BasicTypeRegistry     : Adding type registration ncharacter -> org.hibernate.type.CharacterNCharType@4a62062a
2022-11-17 22:27:24.966 DEBUG 10564 --- [    Test worker] org.hibernate.type.BasicTypeRegistry     : Adding type registration url -> org.hibernate.type.UrlType@2c9d90fc
2022-11-17 22:27:24.967 DEBUG 10564 --- [    Test worker] org.hibernate.type.BasicTypeRegistry     : Adding type registration java.net.URL -> org.hibernate.type.UrlType@2c9d90fc
2022-11-17 22:27:24.969 DEBUG 10564 --- [    Test worker] org.hibernate.type.BasicTypeRegistry     : Adding type registration Duration -> org.hibernate.type.DurationType@2bab618
2022-11-17 22:27:24.970 DEBUG 10564 --- [    Test worker] org.hibernate.type.BasicTypeRegistry     : Adding type registration java.time.Duration -> org.hibernate.type.DurationType@2bab618
2022-11-17 22:27:24.974 DEBUG 10564 --- [    Test worker] org.hibernate.type.BasicTypeRegistry     : Adding type registration Instant -> org.hibernate.type.InstantType@6c9b44bf
2022-11-17 22:27:24.977 DEBUG 10564 --- [    Test worker] org.hibernate.type.BasicTypeRegistry     : Adding type registration java.time.Instant -> org.hibernate.type.InstantType@6c9b44bf
2022-11-17 22:27:24.981 DEBUG 10564 --- [    Test worker] org.hibernate.type.BasicTypeRegistry     : Adding type registration LocalDateTime -> org.hibernate.type.LocalDateTimeType@1e40fbb3
2022-11-17 22:27:24.984 DEBUG 10564 --- [    Test worker] org.hibernate.type.BasicTypeRegistry     : Adding type registration java.time.LocalDateTime -> org.hibernate.type.LocalDateTimeType@1e40fbb3
2022-11-17 22:27:24.990 DEBUG 10564 --- [    Test worker] org.hibernate.type.BasicTypeRegistry     : Adding type registration LocalDate -> org.hibernate.type.LocalDateType@39023dbf
2022-11-17 22:27:24.992 DEBUG 10564 --- [    Test worker] org.hibernate.type.BasicTypeRegistry     : Adding type registration java.time.LocalDate -> org.hibernate.type.LocalDateType@39023dbf
2022-11-17 22:27:24.994 DEBUG 10564 --- [    Test worker] org.hibernate.type.BasicTypeRegistry     : Adding type registration LocalTime -> org.hibernate.type.LocalTimeType@72465eb2
2022-11-17 22:27:24.994 DEBUG 10564 --- [    Test worker] org.hibernate.type.BasicTypeRegistry     : Adding type registration java.time.LocalTime -> org.hibernate.type.LocalTimeType@72465eb2
2022-11-17 22:27:24.998 DEBUG 10564 --- [    Test worker] org.hibernate.type.BasicTypeRegistry     : Adding type registration OffsetDateTime -> org.hibernate.type.OffsetDateTimeType@7b18658a
2022-11-17 22:27:24.999 DEBUG 10564 --- [    Test worker] org.hibernate.type.BasicTypeRegistry     : Adding type registration java.time.OffsetDateTime -> org.hibernate.type.OffsetDateTimeType@7b18658a
2022-11-17 22:27:25.001 DEBUG 10564 --- [    Test worker] org.hibernate.type.BasicTypeRegistry     : Adding type registration OffsetTime -> org.hibernate.type.OffsetTimeType@1cd2143b
2022-11-17 22:27:25.001 DEBUG 10564 --- [    Test worker] org.hibernate.type.BasicTypeRegistry     : Adding type registration java.time.OffsetTime -> org.hibernate.type.OffsetTimeType@1cd2143b
2022-11-17 22:27:25.004 DEBUG 10564 --- [    Test worker] org.hibernate.type.BasicTypeRegistry     : Adding type registration ZonedDateTime -> org.hibernate.type.ZonedDateTimeType@5b02a984
2022-11-17 22:27:25.007 DEBUG 10564 --- [    Test worker] org.hibernate.type.BasicTypeRegistry     : Adding type registration java.time.ZonedDateTime -> org.hibernate.type.ZonedDateTimeType@5b02a984
2022-11-17 22:27:25.010 DEBUG 10564 --- [    Test worker] org.hibernate.type.BasicTypeRegistry     : Adding type registration date -> org.hibernate.type.DateType@67acfde9
2022-11-17 22:27:25.010 DEBUG 10564 --- [    Test worker] org.hibernate.type.BasicTypeRegistry     : Adding type registration java.sql.Date -> org.hibernate.type.DateType@67acfde9
2022-11-17 22:27:25.012 DEBUG 10564 --- [    Test worker] org.hibernate.type.BasicTypeRegistry     : Adding type registration time -> org.hibernate.type.TimeType@35025a0a
2022-11-17 22:27:25.013 DEBUG 10564 --- [    Test worker] org.hibernate.type.BasicTypeRegistry     : Adding type registration java.sql.Time -> org.hibernate.type.TimeType@35025a0a
2022-11-17 22:27:25.019 DEBUG 10564 --- [    Test worker] org.hibernate.type.BasicTypeRegistry     : Adding type registration timestamp -> org.hibernate.type.TimestampType@3e5beab5
2022-11-17 22:27:25.020 DEBUG 10564 --- [    Test worker] org.hibernate.type.BasicTypeRegistry     : Adding type registration java.sql.Timestamp -> org.hibernate.type.TimestampType@3e5beab5
2022-11-17 22:27:25.021 DEBUG 10564 --- [    Test worker] org.hibernate.type.BasicTypeRegistry     : Adding type registration java.util.Date -> org.hibernate.type.TimestampType@3e5beab5
2022-11-17 22:27:25.026 DEBUG 10564 --- [    Test worker] org.hibernate.type.BasicTypeRegistry     : Adding type registration dbtimestamp -> org.hibernate.type.DbTimestampType@3887c7d7
2022-11-17 22:27:25.030 DEBUG 10564 --- [    Test worker] org.hibernate.type.BasicTypeRegistry     : Adding type registration calendar -> org.hibernate.type.CalendarType@15605d83
2022-11-17 22:27:25.030 DEBUG 10564 --- [    Test worker] org.hibernate.type.BasicTypeRegistry     : Adding type registration java.util.Calendar -> org.hibernate.type.CalendarType@15605d83
2022-11-17 22:27:25.030 DEBUG 10564 --- [    Test worker] org.hibernate.type.BasicTypeRegistry     : Adding type registration java.util.GregorianCalendar -> org.hibernate.type.CalendarType@15605d83
2022-11-17 22:27:25.032 DEBUG 10564 --- [    Test worker] org.hibernate.type.BasicTypeRegistry     : Adding type registration calendar_date -> org.hibernate.type.CalendarDateType@6544899b
2022-11-17 22:27:25.035 DEBUG 10564 --- [    Test worker] org.hibernate.type.BasicTypeRegistry     : Adding type registration calendar_time -> org.hibernate.type.CalendarTimeType@42c0a16e
2022-11-17 22:27:25.040 DEBUG 10564 --- [    Test worker] org.hibernate.type.BasicTypeRegistry     : Adding type registration locale -> org.hibernate.type.LocaleType@637c840d
2022-11-17 22:27:25.042 DEBUG 10564 --- [    Test worker] org.hibernate.type.BasicTypeRegistry     : Adding type registration java.util.Locale -> org.hibernate.type.LocaleType@637c840d
2022-11-17 22:27:25.044 DEBUG 10564 --- [    Test worker] org.hibernate.type.BasicTypeRegistry     : Adding type registration currency -> org.hibernate.type.CurrencyType@119290b9
2022-11-17 22:27:25.044 DEBUG 10564 --- [    Test worker] org.hibernate.type.BasicTypeRegistry     : Adding type registration java.util.Currency -> org.hibernate.type.CurrencyType@119290b9
2022-11-17 22:27:25.046 DEBUG 10564 --- [    Test worker] org.hibernate.type.BasicTypeRegistry     : Adding type registration timezone -> org.hibernate.type.TimeZoneType@7e7740a5
2022-11-17 22:27:25.047 DEBUG 10564 --- [    Test worker] org.hibernate.type.BasicTypeRegistry     : Adding type registration java.util.TimeZone -> org.hibernate.type.TimeZoneType@7e7740a5
2022-11-17 22:27:25.049 DEBUG 10564 --- [    Test worker] org.hibernate.type.BasicTypeRegistry     : Adding type registration class -> org.hibernate.type.ClassType@22a6d75c
2022-11-17 22:27:25.052 DEBUG 10564 --- [    Test worker] org.hibernate.type.BasicTypeRegistry     : Adding type registration java.lang.Class -> org.hibernate.type.ClassType@22a6d75c
2022-11-17 22:27:25.061 DEBUG 10564 --- [    Test worker] org.hibernate.type.BasicTypeRegistry     : Adding type registration uuid-binary -> org.hibernate.type.UUIDBinaryType@1a1c21b4
2022-11-17 22:27:25.061 DEBUG 10564 --- [    Test worker] org.hibernate.type.BasicTypeRegistry     : Adding type registration java.util.UUID -> org.hibernate.type.UUIDBinaryType@1a1c21b4
2022-11-17 22:27:25.062 DEBUG 10564 --- [    Test worker] org.hibernate.type.BasicTypeRegistry     : Adding type registration uuid-char -> org.hibernate.type.UUIDCharType@6c951ada
2022-11-17 22:27:25.064 DEBUG 10564 --- [    Test worker] org.hibernate.type.BasicTypeRegistry     : Adding type registration binary -> org.hibernate.type.BinaryType@691567ea
2022-11-17 22:27:25.064 DEBUG 10564 --- [    Test worker] org.hibernate.type.BasicTypeRegistry     : Adding type registration byte[] -> org.hibernate.type.BinaryType@691567ea
2022-11-17 22:27:25.064 DEBUG 10564 --- [    Test worker] org.hibernate.type.BasicTypeRegistry     : Adding type registration [B -> org.hibernate.type.BinaryType@691567ea
2022-11-17 22:27:25.066 DEBUG 10564 --- [    Test worker] org.hibernate.type.BasicTypeRegistry     : Adding type registration wrapper-binary -> org.hibernate.type.WrapperBinaryType@6de7778f
2022-11-17 22:27:25.066 DEBUG 10564 --- [    Test worker] org.hibernate.type.BasicTypeRegistry     : Adding type registration Byte[] -> org.hibernate.type.WrapperBinaryType@6de7778f
2022-11-17 22:27:25.067 DEBUG 10564 --- [    Test worker] org.hibernate.type.BasicTypeRegistry     : Adding type registration [Ljava.lang.Byte; -> org.hibernate.type.WrapperBinaryType@6de7778f
2022-11-17 22:27:25.068 DEBUG 10564 --- [    Test worker] org.hibernate.type.BasicTypeRegistry     : Adding type registration row_version -> org.hibernate.type.RowVersionType@50ec4bfc
2022-11-17 22:27:25.069 DEBUG 10564 --- [    Test worker] org.hibernate.type.BasicTypeRegistry     : Adding type registration image -> org.hibernate.type.ImageType@1788cb61
2022-11-17 22:27:25.070 DEBUG 10564 --- [    Test worker] org.hibernate.type.BasicTypeRegistry     : Adding type registration characters -> org.hibernate.type.CharArrayType@7c453c34
2022-11-17 22:27:25.070 DEBUG 10564 --- [    Test worker] org.hibernate.type.BasicTypeRegistry     : Adding type registration char[] -> org.hibernate.type.CharArrayType@7c453c34
2022-11-17 22:27:25.071 DEBUG 10564 --- [    Test worker] org.hibernate.type.BasicTypeRegistry     : Adding type registration [C -> org.hibernate.type.CharArrayType@7c453c34
2022-11-17 22:27:25.073 DEBUG 10564 --- [    Test worker] org.hibernate.type.BasicTypeRegistry     : Adding type registration wrapper-characters -> org.hibernate.type.CharacterArrayType@61359e87
2022-11-17 22:27:25.074 DEBUG 10564 --- [    Test worker] org.hibernate.type.BasicTypeRegistry     : Adding type registration [Ljava.lang.Character; -> org.hibernate.type.CharacterArrayType@61359e87
2022-11-17 22:27:25.074 DEBUG 10564 --- [    Test worker] org.hibernate.type.BasicTypeRegistry     : Adding type registration Character[] -> org.hibernate.type.CharacterArrayType@61359e87
2022-11-17 22:27:25.076 DEBUG 10564 --- [    Test worker] org.hibernate.type.BasicTypeRegistry     : Adding type registration text -> org.hibernate.type.TextType@6222391a
2022-11-17 22:27:25.077 DEBUG 10564 --- [    Test worker] org.hibernate.type.BasicTypeRegistry     : Adding type registration ntext -> org.hibernate.type.NTextType@2313db84
2022-11-17 22:27:25.079 DEBUG 10564 --- [    Test worker] org.hibernate.type.BasicTypeRegistry     : Adding type registration blob -> org.hibernate.type.BlobType@33d28f0a
2022-11-17 22:27:25.079 DEBUG 10564 --- [    Test worker] org.hibernate.type.BasicTypeRegistry     : Adding type registration java.sql.Blob -> org.hibernate.type.BlobType@33d28f0a
2022-11-17 22:27:25.080 DEBUG 10564 --- [    Test worker] org.hibernate.type.BasicTypeRegistry     : Adding type registration materialized_blob -> org.hibernate.type.MaterializedBlobType@42c12b3e
2022-11-17 22:27:25.083 DEBUG 10564 --- [    Test worker] org.hibernate.type.BasicTypeRegistry     : Adding type registration clob -> org.hibernate.type.ClobType@34279b8a
2022-11-17 22:27:25.083 DEBUG 10564 --- [    Test worker] org.hibernate.type.BasicTypeRegistry     : Adding type registration java.sql.Clob -> org.hibernate.type.ClobType@34279b8a
2022-11-17 22:27:25.085 DEBUG 10564 --- [    Test worker] org.hibernate.type.BasicTypeRegistry     : Adding type registration nclob -> org.hibernate.type.NClobType@6094de13
2022-11-17 22:27:25.086 DEBUG 10564 --- [    Test worker] org.hibernate.type.BasicTypeRegistry     : Adding type registration java.sql.NClob -> org.hibernate.type.NClobType@6094de13
2022-11-17 22:27:25.088 DEBUG 10564 --- [    Test worker] org.hibernate.type.BasicTypeRegistry     : Adding type registration materialized_clob -> org.hibernate.type.MaterializedClobType@6d7ad0f5
2022-11-17 22:27:25.090 DEBUG 10564 --- [    Test worker] org.hibernate.type.BasicTypeRegistry     : Adding type registration materialized_nclob -> org.hibernate.type.MaterializedNClobType@53d6e959
2022-11-17 22:27:25.093 DEBUG 10564 --- [    Test worker] org.hibernate.type.BasicTypeRegistry     : Adding type registration serializable -> org.hibernate.type.SerializableType@2c9306d3
2022-11-17 22:27:25.111 DEBUG 10564 --- [    Test worker] org.hibernate.type.BasicTypeRegistry     : Adding type registration object -> org.hibernate.type.ObjectType@703fa45
2022-11-17 22:27:25.111 DEBUG 10564 --- [    Test worker] org.hibernate.type.BasicTypeRegistry     : Adding type registration java.lang.Object -> org.hibernate.type.ObjectType@703fa45
2022-11-17 22:27:25.112 DEBUG 10564 --- [    Test worker] org.hibernate.type.BasicTypeRegistry     : Adding type registration imm_date -> org.hibernate.type.AdaptedImmutableType@2725ca05
2022-11-17 22:27:25.112 DEBUG 10564 --- [    Test worker] org.hibernate.type.BasicTypeRegistry     : Adding type registration imm_time -> org.hibernate.type.AdaptedImmutableType@7b9088f2
2022-11-17 22:27:25.112 DEBUG 10564 --- [    Test worker] org.hibernate.type.BasicTypeRegistry     : Adding type registration imm_timestamp -> org.hibernate.type.AdaptedImmutableType@1a914089
2022-11-17 22:27:25.112 DEBUG 10564 --- [    Test worker] org.hibernate.type.BasicTypeRegistry     : Adding type registration imm_dbtimestamp -> org.hibernate.type.AdaptedImmutableType@43d76a92
2022-11-17 22:27:25.112 DEBUG 10564 --- [    Test worker] org.hibernate.type.BasicTypeRegistry     : Adding type registration imm_calendar -> org.hibernate.type.AdaptedImmutableType@4a2bf50f
2022-11-17 22:27:25.112 DEBUG 10564 --- [    Test worker] org.hibernate.type.BasicTypeRegistry     : Adding type registration imm_calendar_date -> org.hibernate.type.AdaptedImmutableType@350323a0
2022-11-17 22:27:25.112 DEBUG 10564 --- [    Test worker] org.hibernate.type.BasicTypeRegistry     : Adding type registration imm_binary -> org.hibernate.type.AdaptedImmutableType@2506b881
2022-11-17 22:27:25.113 DEBUG 10564 --- [    Test worker] org.hibernate.type.BasicTypeRegistry     : Adding type registration imm_serializable -> org.hibernate.type.AdaptedImmutableType@5d7dd549
2022-11-17 22:27:25.194  INFO 10564 --- [    Test worker] com.zaxxer.hikari.HikariDataSource       : HikariPool-1 - Starting...
2022-11-17 22:27:27.017  INFO 10564 --- [    Test worker] com.zaxxer.hikari.HikariDataSource       : HikariPool-1 - Start completed.
2022-11-17 22:27:27.046  INFO 10564 --- [    Test worker] org.hibernate.dialect.Dialect            : HHH000400: Using dialect: org.hibernate.dialect.MySQL8Dialect
2022-11-17 22:27:27.122 DEBUG 10564 --- [    Test worker] o.h.type.spi.TypeConfiguration$Scope     : Scoping TypeConfiguration [org.hibernate.type.spi.TypeConfiguration@2ab8589a] to MetadataBuildingContext [org.hibernate.boot.internal.MetadataBuildingContextRootImpl@21b744ec]
2022-11-17 22:27:27.681 DEBUG 10564 --- [    Test worker] o.h.type.spi.TypeConfiguration$Scope     : Scoping TypeConfiguration [org.hibernate.type.spi.TypeConfiguration@2ab8589a] to SessionFactoryImpl [org.hibernate.internal.SessionFactoryImpl@7df3da0b]
2022-11-17 22:27:28.913 DEBUG 10564 --- [    Test worker] org.hibernate.SQL                        : create table customers (id_customer integer not null auto_increment, address varchar(255), email varchar(255), lastname varchar(255), name varchar(255), password varchar(255), primary key (id_customer)) engine=InnoDB
2022-11-17 22:27:29.149 DEBUG 10564 --- [    Test worker] org.hibernate.SQL                        : create table order_item (id_order_item integer not null auto_increment, id_order integer, id_product integer, primary key (id_order_item)) engine=InnoDB
2022-11-17 22:27:29.402 DEBUG 10564 --- [    Test worker] org.hibernate.SQL                        : create table order_status (id_status integer not null auto_increment, order_status varchar(255), primary key (id_status)) engine=InnoDB
2022-11-17 22:27:29.639 DEBUG 10564 --- [    Test worker] org.hibernate.SQL                        : create table orders (id_order integer not null auto_increment, date timestamp default CURRENT_TIMESTAMP, total double precision, id_customer integer, id_status integer, primary key (id_order)) engine=InnoDB
2022-11-17 22:27:29.911 DEBUG 10564 --- [    Test worker] org.hibernate.SQL                        : create table origin (id_origin integer not null auto_increment, name varchar(255), primary key (id_origin)) engine=InnoDB
2022-11-17 22:27:30.160 DEBUG 10564 --- [    Test worker] org.hibernate.SQL                        : create table presentation (id_presentation integer not null auto_increment, name varchar(255), primary key (id_presentation)) engine=InnoDB
2022-11-17 22:27:30.383 DEBUG 10564 --- [    Test worker] org.hibernate.SQL                        : create table products (id_product integer not null auto_increment, description varchar(255), grams integer, img_1 varchar(255), img_2 varchar(255), img_3 varchar(255), img_4 varchar(255), name varchar(255), price double precision, id_origin integer, id_presentation integer, id_roast integer, primary key (id_product)) engine=InnoDB
2022-11-17 22:27:30.608 DEBUG 10564 --- [    Test worker] org.hibernate.SQL                        : create table roast (id_roast integer not null auto_increment, name varchar(255), primary key (id_roast)) engine=InnoDB
2022-11-17 22:27:30.838 DEBUG 10564 --- [    Test worker] org.hibernate.SQL                        : create table stock (id_stock integer not null auto_increment, count integer, id_product integer, primary key (id_stock)) engine=InnoDB
2022-11-17 22:27:31.076 DEBUG 10564 --- [    Test worker] org.hibernate.SQL                        : alter table order_item add constraint FKfjo6lqrvdidibmpn9ptxok8o1 foreign key (id_order) references orders (id_order)
2022-11-17 22:27:31.365 DEBUG 10564 --- [    Test worker] org.hibernate.SQL                        : alter table order_item add constraint FKhg4c0elw19xb6870iogx58nev foreign key (id_product) references products (id_product)
2022-11-17 22:27:31.764 DEBUG 10564 --- [    Test worker] org.hibernate.SQL                        : alter table orders add constraint FK9nrvxq589ftyoik6041ew914c foreign key (id_customer) references customers (id_customer)
2022-11-17 22:27:32.031 DEBUG 10564 --- [    Test worker] org.hibernate.SQL                        : alter table orders add constraint FKtip56ai3loqf8dp9xbbmrpycw foreign key (id_status) references order_status (id_status)
2022-11-17 22:27:32.333 DEBUG 10564 --- [    Test worker] org.hibernate.SQL                        : alter table products add constraint FK88vb3557frmc988jodreclj0p foreign key (id_origin) references origin (id_origin)
2022-11-17 22:27:32.610 DEBUG 10564 --- [    Test worker] org.hibernate.SQL                        : alter table products add constraint FK6oa7no4eqscro5ggwtdqucas8 foreign key (id_presentation) references presentation (id_presentation)
2022-11-17 22:27:32.902 DEBUG 10564 --- [    Test worker] org.hibernate.SQL                        : alter table products add constraint FKfxdt6v84ncyuffsyijcj549mm foreign key (id_roast) references roast (id_roast)
2022-11-17 22:27:33.186 DEBUG 10564 --- [    Test worker] org.hibernate.SQL                        : alter table stock add constraint FK664e26o3gnlvqj7pbyeaoxu8x foreign key (id_product) references products (id_product)
2022-11-17 22:27:33.455  INFO 10564 --- [    Test worker] o.h.e.t.j.p.i.JtaPlatformInitiator       : HHH000490: Using JtaPlatform implementation: [org.hibernate.engine.transaction.jta.platform.internal.NoJtaPlatform]
2022-11-17 22:27:33.465 TRACE 10564 --- [    Test worker] o.h.type.spi.TypeConfiguration$Scope     : Handling #sessionFactoryCreated from [org.hibernate.internal.SessionFactoryImpl@7df3da0b] for TypeConfiguration
2022-11-17 22:27:33.467  INFO 10564 --- [    Test worker] j.LocalContainerEntityManagerFactoryBean : Initialized JPA EntityManagerFactory for persistence unit 'default'
2022-11-17 22:27:35.604  WARN 10564 --- [    Test worker] JpaBaseConfiguration$JpaWebConfiguration : spring.jpa.open-in-view is enabled by default. Therefore, database queries may be performed during view rendering. Explicitly configure spring.jpa.open-in-view to disable this warning
2022-11-17 22:27:37.967  INFO 10564 --- [    Test worker] org.generation.GuidaniApplicationTests   : Started GuidaniApplicationTests in 17.878 seconds (JVM running for 20.624)
]]></system-out>
  <system-err><![CDATA[]]></system-err>
</testsuite>
