<?xml version="1.0" encoding="UTF-8"?>
<testsuite name="org.generation.GuidaniApplicationTests" tests="1" skipped="0" failures="0" errors="0" timestamp="2022-11-18T03:39:11" hostname="DESKTOP-O76PPPN" time="0.488">
  <properties/>
  <testcase name="contextLoads()" classname="org.generation.GuidaniApplicationTests" time="0.488"/>
  <system-out><![CDATA[21:38:55.750 [Test worker] DEBUG org.springframework.test.context.BootstrapUtils - Instantiating CacheAwareContextLoaderDelegate from class [org.springframework.test.context.cache.DefaultCacheAwareContextLoaderDelegate]
21:38:55.778 [Test worker] DEBUG org.springframework.test.context.BootstrapUtils - Instantiating BootstrapContext using constructor [public org.springframework.test.context.support.DefaultBootstrapContext(java.lang.Class,org.springframework.test.context.CacheAwareContextLoaderDelegate)]
21:38:55.872 [Test worker] DEBUG org.springframework.test.context.BootstrapUtils - Instantiating TestContextBootstrapper for test class [org.generation.GuidaniApplicationTests] from class [org.springframework.boot.test.context.SpringBootTestContextBootstrapper]
21:38:55.895 [Test worker] INFO org.springframework.boot.test.context.SpringBootTestContextBootstrapper - Neither @ContextConfiguration nor @ContextHierarchy found for test class [org.generation.GuidaniApplicationTests], using SpringBootContextLoader
21:38:55.902 [Test worker] DEBUG org.springframework.test.context.support.AbstractContextLoader - Did not detect default resource location for test class [org.generation.GuidaniApplicationTests]: class path resource [org/generation/GuidaniApplicationTests-context.xml] does not exist
21:38:55.906 [Test worker] DEBUG org.springframework.test.context.support.AbstractContextLoader - Did not detect default resource location for test class [org.generation.GuidaniApplicationTests]: class path resource [org/generation/GuidaniApplicationTestsContext.groovy] does not exist
21:38:55.907 [Test worker] INFO org.springframework.test.context.support.AbstractContextLoader - Could not detect default resource locations for test class [org.generation.GuidaniApplicationTests]: no resource found for suffixes {-context.xml, Context.groovy}.
21:38:55.910 [Test worker] INFO org.springframework.test.context.support.AnnotationConfigContextLoaderUtils - Could not detect default configuration classes for test class [org.generation.GuidaniApplicationTests]: GuidaniApplicationTests does not declare any static, non-private, non-final, nested classes annotated with @Configuration.
21:38:56.022 [Test worker] DEBUG org.springframework.test.context.support.ActiveProfilesUtils - Could not find an 'annotation declaring class' for annotation type [org.springframework.test.context.ActiveProfiles] and class [org.generation.GuidaniApplicationTests]
21:38:56.161 [Test worker] DEBUG org.springframework.context.annotation.ClassPathScanningCandidateComponentProvider - Identified candidate component class: file [D:\proyecto\Guidani\build\classes\java\main\org\generation\GuidaniApplication.class]
21:38:56.162 [Test worker] INFO org.springframework.boot.test.context.SpringBootTestContextBootstrapper - Found @SpringBootConfiguration org.generation.GuidaniApplication for test class org.generation.GuidaniApplicationTests
21:38:56.469 [Test worker] DEBUG org.springframework.boot.test.context.SpringBootTestContextBootstrapper - @TestExecutionListeners is not present for class [org.generation.GuidaniApplicationTests]: using defaults.
21:38:56.470 [Test worker] INFO org.springframework.boot.test.context.SpringBootTestContextBootstrapper - Loaded default TestExecutionListener class names from location [META-INF/spring.factories]: [org.springframework.boot.test.autoconfigure.restdocs.RestDocsTestExecutionListener, org.springframework.boot.test.autoconfigure.web.client.MockRestServiceServerResetTestExecutionListener, org.springframework.boot.test.autoconfigure.web.servlet.MockMvcPrintOnlyOnFailureTestExecutionListener, org.springframework.boot.test.autoconfigure.web.servlet.WebDriverTestExecutionListener, org.springframework.boot.test.autoconfigure.webservices.client.MockWebServiceServerTestExecutionListener, org.springframework.boot.test.mock.mockito.MockitoTestExecutionListener, org.springframework.boot.test.mock.mockito.ResetMocksTestExecutionListener, org.springframework.test.context.web.ServletTestExecutionListener, org.springframework.test.context.support.DirtiesContextBeforeModesTestExecutionListener, org.springframework.test.context.event.ApplicationEventsTestExecutionListener, org.springframework.test.context.support.DependencyInjectionTestExecutionListener, org.springframework.test.context.support.DirtiesContextTestExecutionListener, org.springframework.test.context.transaction.TransactionalTestExecutionListener, org.springframework.test.context.jdbc.SqlScriptsTestExecutionListener, org.springframework.test.context.event.EventPublishingTestExecutionListener]
21:38:56.512 [Test worker] INFO org.springframework.boot.test.context.SpringBootTestContextBootstrapper - Using TestExecutionListeners: [org.springframework.test.context.web.ServletTestExecutionListener@545de5a4, org.springframework.test.context.support.DirtiesContextBeforeModesTestExecutionListener@29ef6856, org.springframework.test.context.event.ApplicationEventsTestExecutionListener@ab7a938, org.springframework.boot.test.mock.mockito.MockitoTestExecutionListener@3faf2e7d, org.springframework.boot.test.autoconfigure.SpringBootDependencyInjectionTestExecutionListener@4648ce9, org.springframework.test.context.support.DirtiesContextTestExecutionListener@569bf9eb, org.springframework.test.context.transaction.TransactionalTestExecutionListener@61526469, org.springframework.test.context.jdbc.SqlScriptsTestExecutionListener@274872f8, org.springframework.test.context.event.EventPublishingTestExecutionListener@76ba13c, org.springframework.boot.test.autoconfigure.restdocs.RestDocsTestExecutionListener@eb6449b, org.springframework.boot.test.autoconfigure.web.client.MockRestServiceServerResetTestExecutionListener@7c351808, org.springframework.boot.test.autoconfigure.web.servlet.MockMvcPrintOnlyOnFailureTestExecutionListener@180e6ac4, org.springframework.boot.test.autoconfigure.web.servlet.WebDriverTestExecutionListener@42b64ab8, org.springframework.boot.test.autoconfigure.webservices.client.MockWebServiceServerTestExecutionListener@7e985ce9, org.springframework.boot.test.mock.mockito.ResetMocksTestExecutionListener@2a39fe6a]
21:38:56.519 [Test worker] DEBUG org.springframework.test.context.support.AbstractDirtiesContextTestExecutionListener - Before test class: context [DefaultTestContext@4c168660 testClass = GuidaniApplicationTests, testInstance = [null], testMethod = [null], testException = [null], mergedContextConfiguration = [WebMergedContextConfiguration@52b56a3e testClass = GuidaniApplicationTests, locations = '{}', classes = '{class org.generation.GuidaniApplication}', contextInitializerClasses = '[]', activeProfiles = '{}', propertySourceLocations = '{}', propertySourceProperties = '{org.springframework.boot.test.context.SpringBootTestContextBootstrapper=true}', contextCustomizers = set[org.springframework.boot.test.autoconfigure.actuate.metrics.MetricsExportContextCustomizerFactory$DisableMetricExportContextCustomizer@2e1ef60, org.springframework.boot.test.autoconfigure.properties.PropertyMappingContextCustomizer@0, org.springframework.boot.test.autoconfigure.web.servlet.WebDriverContextCustomizerFactory$Customizer@42bc14c1, org.springframework.boot.test.context.filter.ExcludeFilterContextCustomizer@6f3c660a, org.springframework.boot.test.json.DuplicateJsonObjectContextCustomizerFactory$DuplicateJsonObjectContextCustomizer@40238dd0, org.springframework.boot.test.mock.mockito.MockitoContextCustomizer@0, org.springframework.boot.test.web.client.TestRestTemplateContextCustomizer@6fb365ed, org.springframework.boot.test.context.SpringBootTestArgs@1, org.springframework.boot.test.context.SpringBootTestWebEnvironment@ea6147e], resourceBasePath = 'src/main/webapp', contextLoader = 'org.springframework.boot.test.context.SpringBootContextLoader', parent = [null]], attributes = map['org.springframework.test.context.web.ServletTestExecutionListener.activateListener' -> true]], class annotated with @DirtiesContext [false] with mode [null].
                                                                              dddddddd
                                        iiii                                  d::::::d                                      iiii
                                       i::::i                                 d::::::d                                     i::::i
                                        iiii                                  d::::::d                                      iiii
                                                                              d:::::d
   ggggggggg   ggggguuuuuu    uuuuuu  iiiiiii     eeeeeeeeeeee        ddddddddd:::::d   aaaaaaaaaaaaa   nnnn  nnnnnnnn    iiiiiii
  g:::::::::ggg::::gu::::u    u::::u  i:::::i   ee::::::::::::ee    dd::::::::::::::d   a::::::::::::a  n:::nn::::::::nn  i:::::i
 g:::::::::::::::::gu::::u    u::::u   i::::i  e::::::eeeee:::::ee d::::::::::::::::d   aaaaaaaaa:::::a n::::::::::::::nn  i::::i
g::::::ggggg::::::ggu::::u    u::::u   i::::i e::::::e     e:::::ed:::::::ddddd:::::d            a::::a nn:::::::::::::::n i::::i
g:::::g     g:::::g u::::u    u::::u   i::::i e:::::::eeeee::::::ed::::::d    d:::::d     aaaaaaa:::::a   n:::::nnnn:::::n i::::i
g:::::g     g:::::g u::::u    u::::u   i::::i e:::::::::::::::::e d:::::d     d:::::d   aa::::::::::::a   n::::n    n::::n i::::i
g:::::g     g:::::g u::::u    u::::u   i::::i e::::::eeeeeeeeeee  d:::::d     d:::::d  a::::aaaa::::::a   n::::n    n::::n i::::i
g::::::g    g:::::g u:::::uuuu:::::u   i::::i e:::::::e           d:::::d     d:::::d a::::a    a:::::a   n::::n    n::::n i::::i
g:::::::ggggg:::::g u:::::::::::::::uui::::::ie::::::::e          d::::::ddddd::::::dda::::a    a:::::a   n::::n    n::::ni::::::i
 g::::::::::::::::g  u:::::::::::::::ui::::::i e::::::::eeeeeeee   d:::::::::::::::::da:::::aaaa::::::a   n::::n    n::::ni::::::i
  gg::::::::::::::g   uu::::::::uu:::ui::::::i  ee:::::::::::::e    d:::::::::ddd::::d a::::::::::aa:::a  n::::n    n::::ni::::::i
    gggggggg::::::g     uuuuuuuu  uuuuiiiiiiii    eeeeeeeeeeeeee     ddddddddd   ddddd  aaaaaaaaaa  aaaa  nnnnnn    nnnnnniiiiiiii
            g:::::g
gggggg      g:::::g
g:::::gg   gg:::::g
 g::::::ggg:::::::g
  gg:::::::::::::g
    ggg::::::ggg
       gggggg

2022-11-17 21:38:57.291  INFO 12860 --- [    Test worker] org.generation.GuidaniApplicationTests   : Starting GuidaniApplicationTests using Java 17.0.4.1 on DESKTOP-O76PPPN with PID 12860 (started by jesus in D:\proyecto\Guidani)
2022-11-17 21:38:57.294  INFO 12860 --- [    Test worker] org.generation.GuidaniApplicationTests   : The following 1 profile is active: "prod"
2022-11-17 21:38:59.007  INFO 12860 --- [    Test worker] .s.d.r.c.RepositoryConfigurationDelegate : Bootstrapping Spring Data JPA repositories in DEFAULT mode.
2022-11-17 21:38:59.169  INFO 12860 --- [    Test worker] .s.d.r.c.RepositoryConfigurationDelegate : Finished Spring Data repository scanning in 137 ms. Found 9 JPA repository interfaces.
2022-11-17 21:39:00.924  INFO 12860 --- [    Test worker] o.hibernate.jpa.internal.util.LogHelper  : HHH000204: Processing PersistenceUnitInfo [name: default]
2022-11-17 21:39:01.077  INFO 12860 --- [    Test worker] org.hibernate.Version                    : HHH000412: Hibernate ORM core version 5.6.12.Final
2022-11-17 21:39:01.551  INFO 12860 --- [    Test worker] o.hibernate.annotations.common.Version   : HCANN000001: Hibernate Commons Annotations {5.1.2.Final}
2022-11-17 21:39:01.619 DEBUG 12860 --- [    Test worker] org.hibernate.type.BasicTypeRegistry     : Adding type registration boolean -> org.hibernate.type.BooleanType@7a04f730
2022-11-17 21:39:01.619 DEBUG 12860 --- [    Test worker] org.hibernate.type.BasicTypeRegistry     : Adding type registration boolean -> org.hibernate.type.BooleanType@7a04f730
2022-11-17 21:39:01.619 DEBUG 12860 --- [    Test worker] org.hibernate.type.BasicTypeRegistry     : Adding type registration java.lang.Boolean -> org.hibernate.type.BooleanType@7a04f730
2022-11-17 21:39:01.620 DEBUG 12860 --- [    Test worker] org.hibernate.type.BasicTypeRegistry     : Adding type registration numeric_boolean -> org.hibernate.type.NumericBooleanType@689faf79
2022-11-17 21:39:01.621 DEBUG 12860 --- [    Test worker] org.hibernate.type.BasicTypeRegistry     : Adding type registration true_false -> org.hibernate.type.TrueFalseType@21edd891
2022-11-17 21:39:01.622 DEBUG 12860 --- [    Test worker] org.hibernate.type.BasicTypeRegistry     : Adding type registration yes_no -> org.hibernate.type.YesNoType@60b5e80d
2022-11-17 21:39:01.623 DEBUG 12860 --- [    Test worker] org.hibernate.type.BasicTypeRegistry     : Adding type registration byte -> org.hibernate.type.ByteType@391515c7
2022-11-17 21:39:01.623 DEBUG 12860 --- [    Test worker] org.hibernate.type.BasicTypeRegistry     : Adding type registration byte -> org.hibernate.type.ByteType@391515c7
2022-11-17 21:39:01.624 DEBUG 12860 --- [    Test worker] org.hibernate.type.BasicTypeRegistry     : Adding type registration java.lang.Byte -> org.hibernate.type.ByteType@391515c7
2022-11-17 21:39:01.625 DEBUG 12860 --- [    Test worker] org.hibernate.type.BasicTypeRegistry     : Adding type registration character -> org.hibernate.type.CharacterType@b5aa65b
2022-11-17 21:39:01.626 DEBUG 12860 --- [    Test worker] org.hibernate.type.BasicTypeRegistry     : Adding type registration char -> org.hibernate.type.CharacterType@b5aa65b
2022-11-17 21:39:01.626 DEBUG 12860 --- [    Test worker] org.hibernate.type.BasicTypeRegistry     : Adding type registration java.lang.Character -> org.hibernate.type.CharacterType@b5aa65b
2022-11-17 21:39:01.628 DEBUG 12860 --- [    Test worker] org.hibernate.type.BasicTypeRegistry     : Adding type registration short -> org.hibernate.type.ShortType@21f7e537
2022-11-17 21:39:01.628 DEBUG 12860 --- [    Test worker] org.hibernate.type.BasicTypeRegistry     : Adding type registration short -> org.hibernate.type.ShortType@21f7e537
2022-11-17 21:39:01.628 DEBUG 12860 --- [    Test worker] org.hibernate.type.BasicTypeRegistry     : Adding type registration java.lang.Short -> org.hibernate.type.ShortType@21f7e537
2022-11-17 21:39:01.630 DEBUG 12860 --- [    Test worker] org.hibernate.type.BasicTypeRegistry     : Adding type registration integer -> org.hibernate.type.IntegerType@3af2f846
2022-11-17 21:39:01.630 DEBUG 12860 --- [    Test worker] org.hibernate.type.BasicTypeRegistry     : Adding type registration int -> org.hibernate.type.IntegerType@3af2f846
2022-11-17 21:39:01.631 DEBUG 12860 --- [    Test worker] org.hibernate.type.BasicTypeRegistry     : Adding type registration java.lang.Integer -> org.hibernate.type.IntegerType@3af2f846
2022-11-17 21:39:01.632 DEBUG 12860 --- [    Test worker] org.hibernate.type.BasicTypeRegistry     : Adding type registration long -> org.hibernate.type.LongType@284bdeed
2022-11-17 21:39:01.633 DEBUG 12860 --- [    Test worker] org.hibernate.type.BasicTypeRegistry     : Adding type registration long -> org.hibernate.type.LongType@284bdeed
2022-11-17 21:39:01.633 DEBUG 12860 --- [    Test worker] org.hibernate.type.BasicTypeRegistry     : Adding type registration java.lang.Long -> org.hibernate.type.LongType@284bdeed
2022-11-17 21:39:01.637 DEBUG 12860 --- [    Test worker] org.hibernate.type.BasicTypeRegistry     : Adding type registration float -> org.hibernate.type.FloatType@4aed311e
2022-11-17 21:39:01.637 DEBUG 12860 --- [    Test worker] org.hibernate.type.BasicTypeRegistry     : Adding type registration float -> org.hibernate.type.FloatType@4aed311e
2022-11-17 21:39:01.637 DEBUG 12860 --- [    Test worker] org.hibernate.type.BasicTypeRegistry     : Adding type registration java.lang.Float -> org.hibernate.type.FloatType@4aed311e
2022-11-17 21:39:01.639 DEBUG 12860 --- [    Test worker] org.hibernate.type.BasicTypeRegistry     : Adding type registration double -> org.hibernate.type.DoubleType@6e9a0bea
2022-11-17 21:39:01.640 DEBUG 12860 --- [    Test worker] org.hibernate.type.BasicTypeRegistry     : Adding type registration double -> org.hibernate.type.DoubleType@6e9a0bea
2022-11-17 21:39:01.640 DEBUG 12860 --- [    Test worker] org.hibernate.type.BasicTypeRegistry     : Adding type registration java.lang.Double -> org.hibernate.type.DoubleType@6e9a0bea
2022-11-17 21:39:01.641 DEBUG 12860 --- [    Test worker] org.hibernate.type.BasicTypeRegistry     : Adding type registration big_decimal -> org.hibernate.type.BigDecimalType@41e9f86
2022-11-17 21:39:01.642 DEBUG 12860 --- [    Test worker] org.hibernate.type.BasicTypeRegistry     : Adding type registration java.math.BigDecimal -> org.hibernate.type.BigDecimalType@41e9f86
2022-11-17 21:39:01.643 DEBUG 12860 --- [    Test worker] org.hibernate.type.BasicTypeRegistry     : Adding type registration big_integer -> org.hibernate.type.BigIntegerType@6897a4a
2022-11-17 21:39:01.644 DEBUG 12860 --- [    Test worker] org.hibernate.type.BasicTypeRegistry     : Adding type registration java.math.BigInteger -> org.hibernate.type.BigIntegerType@6897a4a
2022-11-17 21:39:01.646 DEBUG 12860 --- [    Test worker] org.hibernate.type.BasicTypeRegistry     : Adding type registration string -> org.hibernate.type.StringType@4168f3d9
2022-11-17 21:39:01.647 DEBUG 12860 --- [    Test worker] org.hibernate.type.BasicTypeRegistry     : Adding type registration java.lang.String -> org.hibernate.type.StringType@4168f3d9
2022-11-17 21:39:01.648 DEBUG 12860 --- [    Test worker] org.hibernate.type.BasicTypeRegistry     : Adding type registration nstring -> org.hibernate.type.StringNVarcharType@7c950b3b
2022-11-17 21:39:01.648 DEBUG 12860 --- [    Test worker] org.hibernate.type.BasicTypeRegistry     : Adding type registration ncharacter -> org.hibernate.type.CharacterNCharType@68631b1d
2022-11-17 21:39:01.650 DEBUG 12860 --- [    Test worker] org.hibernate.type.BasicTypeRegistry     : Adding type registration url -> org.hibernate.type.UrlType@4d354a3e
2022-11-17 21:39:01.650 DEBUG 12860 --- [    Test worker] org.hibernate.type.BasicTypeRegistry     : Adding type registration java.net.URL -> org.hibernate.type.UrlType@4d354a3e
2022-11-17 21:39:01.651 DEBUG 12860 --- [    Test worker] org.hibernate.type.BasicTypeRegistry     : Adding type registration Duration -> org.hibernate.type.DurationType@2c2c3947
2022-11-17 21:39:01.651 DEBUG 12860 --- [    Test worker] org.hibernate.type.BasicTypeRegistry     : Adding type registration java.time.Duration -> org.hibernate.type.DurationType@2c2c3947
2022-11-17 21:39:01.653 DEBUG 12860 --- [    Test worker] org.hibernate.type.BasicTypeRegistry     : Adding type registration Instant -> org.hibernate.type.InstantType@73f6e07
2022-11-17 21:39:01.653 DEBUG 12860 --- [    Test worker] org.hibernate.type.BasicTypeRegistry     : Adding type registration java.time.Instant -> org.hibernate.type.InstantType@73f6e07
2022-11-17 21:39:01.654 DEBUG 12860 --- [    Test worker] org.hibernate.type.BasicTypeRegistry     : Adding type registration LocalDateTime -> org.hibernate.type.LocalDateTimeType@5b1c32e4
2022-11-17 21:39:01.654 DEBUG 12860 --- [    Test worker] org.hibernate.type.BasicTypeRegistry     : Adding type registration java.time.LocalDateTime -> org.hibernate.type.LocalDateTimeType@5b1c32e4
2022-11-17 21:39:01.656 DEBUG 12860 --- [    Test worker] org.hibernate.type.BasicTypeRegistry     : Adding type registration LocalDate -> org.hibernate.type.LocalDateType@153d6d74
2022-11-17 21:39:01.656 DEBUG 12860 --- [    Test worker] org.hibernate.type.BasicTypeRegistry     : Adding type registration java.time.LocalDate -> org.hibernate.type.LocalDateType@153d6d74
2022-11-17 21:39:01.659 DEBUG 12860 --- [    Test worker] org.hibernate.type.BasicTypeRegistry     : Adding type registration LocalTime -> org.hibernate.type.LocalTimeType@6d5f4900
2022-11-17 21:39:01.659 DEBUG 12860 --- [    Test worker] org.hibernate.type.BasicTypeRegistry     : Adding type registration java.time.LocalTime -> org.hibernate.type.LocalTimeType@6d5f4900
2022-11-17 21:39:01.661 DEBUG 12860 --- [    Test worker] org.hibernate.type.BasicTypeRegistry     : Adding type registration OffsetDateTime -> org.hibernate.type.OffsetDateTimeType@2478b629
2022-11-17 21:39:01.661 DEBUG 12860 --- [    Test worker] org.hibernate.type.BasicTypeRegistry     : Adding type registration java.time.OffsetDateTime -> org.hibernate.type.OffsetDateTimeType@2478b629
2022-11-17 21:39:01.663 DEBUG 12860 --- [    Test worker] org.hibernate.type.BasicTypeRegistry     : Adding type registration OffsetTime -> org.hibernate.type.OffsetTimeType@563ccd31
2022-11-17 21:39:01.663 DEBUG 12860 --- [    Test worker] org.hibernate.type.BasicTypeRegistry     : Adding type registration java.time.OffsetTime -> org.hibernate.type.OffsetTimeType@563ccd31
2022-11-17 21:39:01.666 DEBUG 12860 --- [    Test worker] org.hibernate.type.BasicTypeRegistry     : Adding type registration ZonedDateTime -> org.hibernate.type.ZonedDateTimeType@585513a8
2022-11-17 21:39:01.667 DEBUG 12860 --- [    Test worker] org.hibernate.type.BasicTypeRegistry     : Adding type registration java.time.ZonedDateTime -> org.hibernate.type.ZonedDateTimeType@585513a8
2022-11-17 21:39:01.669 DEBUG 12860 --- [    Test worker] org.hibernate.type.BasicTypeRegistry     : Adding type registration date -> org.hibernate.type.DateType@76216830
2022-11-17 21:39:01.669 DEBUG 12860 --- [    Test worker] org.hibernate.type.BasicTypeRegistry     : Adding type registration java.sql.Date -> org.hibernate.type.DateType@76216830
2022-11-17 21:39:01.671 DEBUG 12860 --- [    Test worker] org.hibernate.type.BasicTypeRegistry     : Adding type registration time -> org.hibernate.type.TimeType@2871ac91
2022-11-17 21:39:01.672 DEBUG 12860 --- [    Test worker] org.hibernate.type.BasicTypeRegistry     : Adding type registration java.sql.Time -> org.hibernate.type.TimeType@2871ac91
2022-11-17 21:39:01.674 DEBUG 12860 --- [    Test worker] org.hibernate.type.BasicTypeRegistry     : Adding type registration timestamp -> org.hibernate.type.TimestampType@3b088163
2022-11-17 21:39:01.676 DEBUG 12860 --- [    Test worker] org.hibernate.type.BasicTypeRegistry     : Adding type registration java.sql.Timestamp -> org.hibernate.type.TimestampType@3b088163
2022-11-17 21:39:01.677 DEBUG 12860 --- [    Test worker] org.hibernate.type.BasicTypeRegistry     : Adding type registration java.util.Date -> org.hibernate.type.TimestampType@3b088163
2022-11-17 21:39:01.687 DEBUG 12860 --- [    Test worker] org.hibernate.type.BasicTypeRegistry     : Adding type registration dbtimestamp -> org.hibernate.type.DbTimestampType@1e226bcd
2022-11-17 21:39:01.690 DEBUG 12860 --- [    Test worker] org.hibernate.type.BasicTypeRegistry     : Adding type registration calendar -> org.hibernate.type.CalendarType@4ef18604
2022-11-17 21:39:01.691 DEBUG 12860 --- [    Test worker] org.hibernate.type.BasicTypeRegistry     : Adding type registration java.util.Calendar -> org.hibernate.type.CalendarType@4ef18604
2022-11-17 21:39:01.693 DEBUG 12860 --- [    Test worker] org.hibernate.type.BasicTypeRegistry     : Adding type registration java.util.GregorianCalendar -> org.hibernate.type.CalendarType@4ef18604
2022-11-17 21:39:01.697 DEBUG 12860 --- [    Test worker] org.hibernate.type.BasicTypeRegistry     : Adding type registration calendar_date -> org.hibernate.type.CalendarDateType@33ec2c0c
2022-11-17 21:39:01.699 DEBUG 12860 --- [    Test worker] org.hibernate.type.BasicTypeRegistry     : Adding type registration calendar_time -> org.hibernate.type.CalendarTimeType@443a06ad
2022-11-17 21:39:01.701 DEBUG 12860 --- [    Test worker] org.hibernate.type.BasicTypeRegistry     : Adding type registration locale -> org.hibernate.type.LocaleType@3d104c9b
2022-11-17 21:39:01.702 DEBUG 12860 --- [    Test worker] org.hibernate.type.BasicTypeRegistry     : Adding type registration java.util.Locale -> org.hibernate.type.LocaleType@3d104c9b
2022-11-17 21:39:01.703 DEBUG 12860 --- [    Test worker] org.hibernate.type.BasicTypeRegistry     : Adding type registration currency -> org.hibernate.type.CurrencyType@7c8874ef
2022-11-17 21:39:01.707 DEBUG 12860 --- [    Test worker] org.hibernate.type.BasicTypeRegistry     : Adding type registration java.util.Currency -> org.hibernate.type.CurrencyType@7c8874ef
2022-11-17 21:39:01.709 DEBUG 12860 --- [    Test worker] org.hibernate.type.BasicTypeRegistry     : Adding type registration timezone -> org.hibernate.type.TimeZoneType@76396509
2022-11-17 21:39:01.709 DEBUG 12860 --- [    Test worker] org.hibernate.type.BasicTypeRegistry     : Adding type registration java.util.TimeZone -> org.hibernate.type.TimeZoneType@76396509
2022-11-17 21:39:01.710 DEBUG 12860 --- [    Test worker] org.hibernate.type.BasicTypeRegistry     : Adding type registration class -> org.hibernate.type.ClassType@5c3d4f05
2022-11-17 21:39:01.711 DEBUG 12860 --- [    Test worker] org.hibernate.type.BasicTypeRegistry     : Adding type registration java.lang.Class -> org.hibernate.type.ClassType@5c3d4f05
2022-11-17 21:39:01.713 DEBUG 12860 --- [    Test worker] org.hibernate.type.BasicTypeRegistry     : Adding type registration uuid-binary -> org.hibernate.type.UUIDBinaryType@6d0e45a5
2022-11-17 21:39:01.714 DEBUG 12860 --- [    Test worker] org.hibernate.type.BasicTypeRegistry     : Adding type registration java.util.UUID -> org.hibernate.type.UUIDBinaryType@6d0e45a5
2022-11-17 21:39:01.715 DEBUG 12860 --- [    Test worker] org.hibernate.type.BasicTypeRegistry     : Adding type registration uuid-char -> org.hibernate.type.UUIDCharType@615db358
2022-11-17 21:39:01.718 DEBUG 12860 --- [    Test worker] org.hibernate.type.BasicTypeRegistry     : Adding type registration binary -> org.hibernate.type.BinaryType@2ca54da9
2022-11-17 21:39:01.718 DEBUG 12860 --- [    Test worker] org.hibernate.type.BasicTypeRegistry     : Adding type registration byte[] -> org.hibernate.type.BinaryType@2ca54da9
2022-11-17 21:39:01.718 DEBUG 12860 --- [    Test worker] org.hibernate.type.BasicTypeRegistry     : Adding type registration [B -> org.hibernate.type.BinaryType@2ca54da9
2022-11-17 21:39:01.721 DEBUG 12860 --- [    Test worker] org.hibernate.type.BasicTypeRegistry     : Adding type registration wrapper-binary -> org.hibernate.type.WrapperBinaryType@6c951ada
2022-11-17 21:39:01.721 DEBUG 12860 --- [    Test worker] org.hibernate.type.BasicTypeRegistry     : Adding type registration Byte[] -> org.hibernate.type.WrapperBinaryType@6c951ada
2022-11-17 21:39:01.721 DEBUG 12860 --- [    Test worker] org.hibernate.type.BasicTypeRegistry     : Adding type registration [Ljava.lang.Byte; -> org.hibernate.type.WrapperBinaryType@6c951ada
2022-11-17 21:39:01.726 DEBUG 12860 --- [    Test worker] org.hibernate.type.BasicTypeRegistry     : Adding type registration row_version -> org.hibernate.type.RowVersionType@de77146
2022-11-17 21:39:01.727 DEBUG 12860 --- [    Test worker] org.hibernate.type.BasicTypeRegistry     : Adding type registration image -> org.hibernate.type.ImageType@6a567f7b
2022-11-17 21:39:01.730 DEBUG 12860 --- [    Test worker] org.hibernate.type.BasicTypeRegistry     : Adding type registration characters -> org.hibernate.type.CharArrayType@6380e9e9
2022-11-17 21:39:01.730 DEBUG 12860 --- [    Test worker] org.hibernate.type.BasicTypeRegistry     : Adding type registration char[] -> org.hibernate.type.CharArrayType@6380e9e9
2022-11-17 21:39:01.730 DEBUG 12860 --- [    Test worker] org.hibernate.type.BasicTypeRegistry     : Adding type registration [C -> org.hibernate.type.CharArrayType@6380e9e9
2022-11-17 21:39:01.732 DEBUG 12860 --- [    Test worker] org.hibernate.type.BasicTypeRegistry     : Adding type registration wrapper-characters -> org.hibernate.type.CharacterArrayType@2589d787
2022-11-17 21:39:01.732 DEBUG 12860 --- [    Test worker] org.hibernate.type.BasicTypeRegistry     : Adding type registration [Ljava.lang.Character; -> org.hibernate.type.CharacterArrayType@2589d787
2022-11-17 21:39:01.732 DEBUG 12860 --- [    Test worker] org.hibernate.type.BasicTypeRegistry     : Adding type registration Character[] -> org.hibernate.type.CharacterArrayType@2589d787
2022-11-17 21:39:01.733 DEBUG 12860 --- [    Test worker] org.hibernate.type.BasicTypeRegistry     : Adding type registration text -> org.hibernate.type.TextType@7558633
2022-11-17 21:39:01.735 DEBUG 12860 --- [    Test worker] org.hibernate.type.BasicTypeRegistry     : Adding type registration ntext -> org.hibernate.type.NTextType@7c453c34
2022-11-17 21:39:01.738 DEBUG 12860 --- [    Test worker] org.hibernate.type.BasicTypeRegistry     : Adding type registration blob -> org.hibernate.type.BlobType@2f2e4bde
2022-11-17 21:39:01.738 DEBUG 12860 --- [    Test worker] org.hibernate.type.BasicTypeRegistry     : Adding type registration java.sql.Blob -> org.hibernate.type.BlobType@2f2e4bde
2022-11-17 21:39:01.739 DEBUG 12860 --- [    Test worker] org.hibernate.type.BasicTypeRegistry     : Adding type registration materialized_blob -> org.hibernate.type.MaterializedBlobType@508ad266
2022-11-17 21:39:01.741 DEBUG 12860 --- [    Test worker] org.hibernate.type.BasicTypeRegistry     : Adding type registration clob -> org.hibernate.type.ClobType@37606fee
2022-11-17 21:39:01.742 DEBUG 12860 --- [    Test worker] org.hibernate.type.BasicTypeRegistry     : Adding type registration java.sql.Clob -> org.hibernate.type.ClobType@37606fee
2022-11-17 21:39:01.744 DEBUG 12860 --- [    Test worker] org.hibernate.type.BasicTypeRegistry     : Adding type registration nclob -> org.hibernate.type.NClobType@5a592c70
2022-11-17 21:39:01.744 DEBUG 12860 --- [    Test worker] org.hibernate.type.BasicTypeRegistry     : Adding type registration java.sql.NClob -> org.hibernate.type.NClobType@5a592c70
2022-11-17 21:39:01.745 DEBUG 12860 --- [    Test worker] org.hibernate.type.BasicTypeRegistry     : Adding type registration materialized_clob -> org.hibernate.type.MaterializedClobType@675b18ff
2022-11-17 21:39:01.746 DEBUG 12860 --- [    Test worker] org.hibernate.type.BasicTypeRegistry     : Adding type registration materialized_nclob -> org.hibernate.type.MaterializedNClobType@37c7766e
2022-11-17 21:39:01.748 DEBUG 12860 --- [    Test worker] org.hibernate.type.BasicTypeRegistry     : Adding type registration serializable -> org.hibernate.type.SerializableType@2bd8f7db
2022-11-17 21:39:01.752 DEBUG 12860 --- [    Test worker] org.hibernate.type.BasicTypeRegistry     : Adding type registration object -> org.hibernate.type.ObjectType@10b8b900
2022-11-17 21:39:01.752 DEBUG 12860 --- [    Test worker] org.hibernate.type.BasicTypeRegistry     : Adding type registration java.lang.Object -> org.hibernate.type.ObjectType@10b8b900
2022-11-17 21:39:01.753 DEBUG 12860 --- [    Test worker] org.hibernate.type.BasicTypeRegistry     : Adding type registration imm_date -> org.hibernate.type.AdaptedImmutableType@599f1b7
2022-11-17 21:39:01.753 DEBUG 12860 --- [    Test worker] org.hibernate.type.BasicTypeRegistry     : Adding type registration imm_time -> org.hibernate.type.AdaptedImmutableType@22791b75
2022-11-17 21:39:01.753 DEBUG 12860 --- [    Test worker] org.hibernate.type.BasicTypeRegistry     : Adding type registration imm_timestamp -> org.hibernate.type.AdaptedImmutableType@64f4f12
2022-11-17 21:39:01.753 DEBUG 12860 --- [    Test worker] org.hibernate.type.BasicTypeRegistry     : Adding type registration imm_dbtimestamp -> org.hibernate.type.AdaptedImmutableType@37d28938
2022-11-17 21:39:01.753 DEBUG 12860 --- [    Test worker] org.hibernate.type.BasicTypeRegistry     : Adding type registration imm_calendar -> org.hibernate.type.AdaptedImmutableType@7d0cd23c
2022-11-17 21:39:01.753 DEBUG 12860 --- [    Test worker] org.hibernate.type.BasicTypeRegistry     : Adding type registration imm_calendar_date -> org.hibernate.type.AdaptedImmutableType@17c4dc5b
2022-11-17 21:39:01.753 DEBUG 12860 --- [    Test worker] org.hibernate.type.BasicTypeRegistry     : Adding type registration imm_binary -> org.hibernate.type.AdaptedImmutableType@6b0f266e
2022-11-17 21:39:01.754 DEBUG 12860 --- [    Test worker] org.hibernate.type.BasicTypeRegistry     : Adding type registration imm_serializable -> org.hibernate.type.AdaptedImmutableType@4837f97e
2022-11-17 21:39:01.849  INFO 12860 --- [    Test worker] com.zaxxer.hikari.HikariDataSource       : HikariPool-1 - Starting...
2022-11-17 21:39:03.385  INFO 12860 --- [    Test worker] com.zaxxer.hikari.HikariDataSource       : HikariPool-1 - Start completed.
2022-11-17 21:39:03.411  INFO 12860 --- [    Test worker] org.hibernate.dialect.Dialect            : HHH000400: Using dialect: org.hibernate.dialect.MySQL8Dialect
2022-11-17 21:39:03.474 DEBUG 12860 --- [    Test worker] o.h.type.spi.TypeConfiguration$Scope     : Scoping TypeConfiguration [org.hibernate.type.spi.TypeConfiguration@41143873] to MetadataBuildingContext [org.hibernate.boot.internal.MetadataBuildingContextRootImpl@21f50d2c]
2022-11-17 21:39:04.047 DEBUG 12860 --- [    Test worker] o.h.type.spi.TypeConfiguration$Scope     : Scoping TypeConfiguration [org.hibernate.type.spi.TypeConfiguration@41143873] to SessionFactoryImpl [org.hibernate.internal.SessionFactoryImpl@25464154]
2022-11-17 21:39:06.913  INFO 12860 --- [    Test worker] o.h.e.t.j.p.i.JtaPlatformInitiator       : HHH000490: Using JtaPlatform implementation: [org.hibernate.engine.transaction.jta.platform.internal.NoJtaPlatform]
2022-11-17 21:39:06.923 TRACE 12860 --- [    Test worker] o.h.type.spi.TypeConfiguration$Scope     : Handling #sessionFactoryCreated from [org.hibernate.internal.SessionFactoryImpl@25464154] for TypeConfiguration
2022-11-17 21:39:06.926  INFO 12860 --- [    Test worker] j.LocalContainerEntityManagerFactoryBean : Initialized JPA EntityManagerFactory for persistence unit 'default'
2022-11-17 21:39:08.993  WARN 12860 --- [    Test worker] JpaBaseConfiguration$JpaWebConfiguration : spring.jpa.open-in-view is enabled by default. Therefore, database queries may be performed during view rendering. Explicitly configure spring.jpa.open-in-view to disable this warning
2022-11-17 21:39:10.973  INFO 12860 --- [    Test worker] org.generation.GuidaniApplicationTests   : Started GuidaniApplicationTests in 14.373 seconds (JVM running for 17.084)
]]></system-out>
  <system-err><![CDATA[]]></system-err>
</testsuite>
