<?xml version="1.0" encoding="UTF-8"?>
<testsuite name="org.generation.GuidaniApplicationTests" tests="1" skipped="0" failures="0" errors="0" timestamp="2022-11-18T03:47:41" hostname="DESKTOP-O76PPPN" time="0.529">
  <properties/>
  <testcase name="contextLoads()" classname="org.generation.GuidaniApplicationTests" time="0.529"/>
  <system-out><![CDATA[21:47:25.987 [Test worker] DEBUG org.springframework.test.context.BootstrapUtils - Instantiating CacheAwareContextLoaderDelegate from class [org.springframework.test.context.cache.DefaultCacheAwareContextLoaderDelegate]
21:47:26.024 [Test worker] DEBUG org.springframework.test.context.BootstrapUtils - Instantiating BootstrapContext using constructor [public org.springframework.test.context.support.DefaultBootstrapContext(java.lang.Class,org.springframework.test.context.CacheAwareContextLoaderDelegate)]
21:47:26.100 [Test worker] DEBUG org.springframework.test.context.BootstrapUtils - Instantiating TestContextBootstrapper for test class [org.generation.GuidaniApplicationTests] from class [org.springframework.boot.test.context.SpringBootTestContextBootstrapper]
21:47:26.119 [Test worker] INFO org.springframework.boot.test.context.SpringBootTestContextBootstrapper - Neither @ContextConfiguration nor @ContextHierarchy found for test class [org.generation.GuidaniApplicationTests], using SpringBootContextLoader
21:47:26.125 [Test worker] DEBUG org.springframework.test.context.support.AbstractContextLoader - Did not detect default resource location for test class [org.generation.GuidaniApplicationTests]: class path resource [org/generation/GuidaniApplicationTests-context.xml] does not exist
21:47:26.125 [Test worker] DEBUG org.springframework.test.context.support.AbstractContextLoader - Did not detect default resource location for test class [org.generation.GuidaniApplicationTests]: class path resource [org/generation/GuidaniApplicationTestsContext.groovy] does not exist
21:47:26.126 [Test worker] INFO org.springframework.test.context.support.AbstractContextLoader - Could not detect default resource locations for test class [org.generation.GuidaniApplicationTests]: no resource found for suffixes {-context.xml, Context.groovy}.
21:47:26.127 [Test worker] INFO org.springframework.test.context.support.AnnotationConfigContextLoaderUtils - Could not detect default configuration classes for test class [org.generation.GuidaniApplicationTests]: GuidaniApplicationTests does not declare any static, non-private, non-final, nested classes annotated with @Configuration.
21:47:26.239 [Test worker] DEBUG org.springframework.test.context.support.ActiveProfilesUtils - Could not find an 'annotation declaring class' for annotation type [org.springframework.test.context.ActiveProfiles] and class [org.generation.GuidaniApplicationTests]
21:47:26.358 [Test worker] DEBUG org.springframework.context.annotation.ClassPathScanningCandidateComponentProvider - Identified candidate component class: file [D:\proyecto\Guidani\build\classes\java\main\org\generation\GuidaniApplication.class]
21:47:26.361 [Test worker] INFO org.springframework.boot.test.context.SpringBootTestContextBootstrapper - Found @SpringBootConfiguration org.generation.GuidaniApplication for test class org.generation.GuidaniApplicationTests
21:47:26.657 [Test worker] DEBUG org.springframework.boot.test.context.SpringBootTestContextBootstrapper - @TestExecutionListeners is not present for class [org.generation.GuidaniApplicationTests]: using defaults.
21:47:26.658 [Test worker] INFO org.springframework.boot.test.context.SpringBootTestContextBootstrapper - Loaded default TestExecutionListener class names from location [META-INF/spring.factories]: [org.springframework.boot.test.autoconfigure.restdocs.RestDocsTestExecutionListener, org.springframework.boot.test.autoconfigure.web.client.MockRestServiceServerResetTestExecutionListener, org.springframework.boot.test.autoconfigure.web.servlet.MockMvcPrintOnlyOnFailureTestExecutionListener, org.springframework.boot.test.autoconfigure.web.servlet.WebDriverTestExecutionListener, org.springframework.boot.test.autoconfigure.webservices.client.MockWebServiceServerTestExecutionListener, org.springframework.boot.test.mock.mockito.MockitoTestExecutionListener, org.springframework.boot.test.mock.mockito.ResetMocksTestExecutionListener, org.springframework.test.context.web.ServletTestExecutionListener, org.springframework.test.context.support.DirtiesContextBeforeModesTestExecutionListener, org.springframework.test.context.event.ApplicationEventsTestExecutionListener, org.springframework.test.context.support.DependencyInjectionTestExecutionListener, org.springframework.test.context.support.DirtiesContextTestExecutionListener, org.springframework.test.context.transaction.TransactionalTestExecutionListener, org.springframework.test.context.jdbc.SqlScriptsTestExecutionListener, org.springframework.test.context.event.EventPublishingTestExecutionListener]
21:47:26.693 [Test worker] INFO org.springframework.boot.test.context.SpringBootTestContextBootstrapper - Using TestExecutionListeners: [org.springframework.test.context.web.ServletTestExecutionListener@4648ce9, org.springframework.test.context.support.DirtiesContextBeforeModesTestExecutionListener@569bf9eb, org.springframework.test.context.event.ApplicationEventsTestExecutionListener@61526469, org.springframework.boot.test.mock.mockito.MockitoTestExecutionListener@274872f8, org.springframework.boot.test.autoconfigure.SpringBootDependencyInjectionTestExecutionListener@76ba13c, org.springframework.test.context.support.DirtiesContextTestExecutionListener@eb6449b, org.springframework.test.context.transaction.TransactionalTestExecutionListener@7c351808, org.springframework.test.context.jdbc.SqlScriptsTestExecutionListener@180e6ac4, org.springframework.test.context.event.EventPublishingTestExecutionListener@42b64ab8, org.springframework.boot.test.autoconfigure.restdocs.RestDocsTestExecutionListener@7e985ce9, org.springframework.boot.test.autoconfigure.web.client.MockRestServiceServerResetTestExecutionListener@2a39fe6a, org.springframework.boot.test.autoconfigure.web.servlet.MockMvcPrintOnlyOnFailureTestExecutionListener@410ae9a3, org.springframework.boot.test.autoconfigure.web.servlet.WebDriverTestExecutionListener@319988b0, org.springframework.boot.test.autoconfigure.webservices.client.MockWebServiceServerTestExecutionListener@d5ae57e, org.springframework.boot.test.mock.mockito.ResetMocksTestExecutionListener@68759011]
21:47:26.701 [Test worker] DEBUG org.springframework.test.context.support.AbstractDirtiesContextTestExecutionListener - Before test class: context [DefaultTestContext@36b0fcd5 testClass = GuidaniApplicationTests, testInstance = [null], testMethod = [null], testException = [null], mergedContextConfiguration = [WebMergedContextConfiguration@4fad94a7 testClass = GuidaniApplicationTests, locations = '{}', classes = '{class org.generation.GuidaniApplication}', contextInitializerClasses = '[]', activeProfiles = '{}', propertySourceLocations = '{}', propertySourceProperties = '{org.springframework.boot.test.context.SpringBootTestContextBootstrapper=true}', contextCustomizers = set[org.springframework.boot.test.autoconfigure.actuate.metrics.MetricsExportContextCustomizerFactory$DisableMetricExportContextCustomizer@34f22f9d, org.springframework.boot.test.autoconfigure.properties.PropertyMappingContextCustomizer@0, org.springframework.boot.test.autoconfigure.web.servlet.WebDriverContextCustomizerFactory$Customizer@460ebd80, org.springframework.boot.test.context.filter.ExcludeFilterContextCustomizer@1afdd473, org.springframework.boot.test.json.DuplicateJsonObjectContextCustomizerFactory$DuplicateJsonObjectContextCustomizer@51acdf2e, org.springframework.boot.test.mock.mockito.MockitoContextCustomizer@0, org.springframework.boot.test.web.client.TestRestTemplateContextCustomizer@525575, org.springframework.boot.test.context.SpringBootTestArgs@1, org.springframework.boot.test.context.SpringBootTestWebEnvironment@2053d869], resourceBasePath = 'src/main/webapp', contextLoader = 'org.springframework.boot.test.context.SpringBootContextLoader', parent = [null]], attributes = map['org.springframework.test.context.web.ServletTestExecutionListener.activateListener' -> true]], class annotated with @DirtiesContext [false] with mode [null].
                                                                              dddddddd
                                        iiii                                  d::::::d                                      iiii
                                       i::::i                                 d::::::d                                     i::::i
                                        iiii                                  d::::::d                                      iiii
                                                                              d:::::d
   ggggggggg   ggggguuuuuu    uuuuuu  iiiiiii     eeeeeeeeeeee        ddddddddd:::::d   aaaaaaaaaaaaa   nnnn  nnnnnnnn    iiiiiii
  g:::::::::ggg::::gu::::u    u::::u  i:::::i   ee::::::::::::ee    dd::::::::::::::d   a::::::::::::a  n:::nn::::::::nn  i:::::i
 g:::::::::::::::::gu::::u    u::::u   i::::i  e::::::eeeee:::::ee d::::::::::::::::d   aaaaaaaaa:::::a n::::::::::::::nn  i::::i
g::::::ggggg::::::ggu::::u    u::::u   i::::i e::::::e     e:::::ed:::::::ddddd:::::d            a::::a nn:::::::::::::::n i::::i
g:::::g     g:::::g u::::u    u::::u   i::::i e:::::::eeeee::::::ed::::::d    d:::::d     aaaaaaa:::::a   n:::::nnnn:::::n i::::i
g:::::g     g:::::g u::::u    u::::u   i::::i e:::::::::::::::::e d:::::d     d:::::d   aa::::::::::::a   n::::n    n::::n i::::i
g:::::g     g:::::g u::::u    u::::u   i::::i e::::::eeeeeeeeeee  d:::::d     d:::::d  a::::aaaa::::::a   n::::n    n::::n i::::i
g::::::g    g:::::g u:::::uuuu:::::u   i::::i e:::::::e           d:::::d     d:::::d a::::a    a:::::a   n::::n    n::::n i::::i
g:::::::ggggg:::::g u:::::::::::::::uui::::::ie::::::::e          d::::::ddddd::::::dda::::a    a:::::a   n::::n    n::::ni::::::i
 g::::::::::::::::g  u:::::::::::::::ui::::::i e::::::::eeeeeeee   d:::::::::::::::::da:::::aaaa::::::a   n::::n    n::::ni::::::i
  gg::::::::::::::g   uu::::::::uu:::ui::::::i  ee:::::::::::::e    d:::::::::ddd::::d a::::::::::aa:::a  n::::n    n::::ni::::::i
    gggggggg::::::g     uuuuuuuu  uuuuiiiiiiii    eeeeeeeeeeeeee     ddddddddd   ddddd  aaaaaaaaaa  aaaa  nnnnnn    nnnnnniiiiiiii
            g:::::g
gggggg      g:::::g
g:::::gg   gg:::::g
 g::::::ggg:::::::g
  gg:::::::::::::g
    ggg::::::ggg
       gggggg

2022-11-17 21:47:27.576  INFO 944 --- [    Test worker] org.generation.GuidaniApplicationTests   : Starting GuidaniApplicationTests using Java 17.0.4.1 on DESKTOP-O76PPPN with PID 944 (started by jesus in D:\proyecto\Guidani)
2022-11-17 21:47:27.578  INFO 944 --- [    Test worker] org.generation.GuidaniApplicationTests   : The following 1 profile is active: "prod"
2022-11-17 21:47:29.471  INFO 944 --- [    Test worker] .s.d.r.c.RepositoryConfigurationDelegate : Bootstrapping Spring Data JPA repositories in DEFAULT mode.
2022-11-17 21:47:29.622  INFO 944 --- [    Test worker] .s.d.r.c.RepositoryConfigurationDelegate : Finished Spring Data repository scanning in 124 ms. Found 9 JPA repository interfaces.
2022-11-17 21:47:31.430  INFO 944 --- [    Test worker] o.hibernate.jpa.internal.util.LogHelper  : HHH000204: Processing PersistenceUnitInfo [name: default]
2022-11-17 21:47:31.548  INFO 944 --- [    Test worker] org.hibernate.Version                    : HHH000412: Hibernate ORM core version 5.6.12.Final
2022-11-17 21:47:31.893  INFO 944 --- [    Test worker] o.hibernate.annotations.common.Version   : HCANN000001: Hibernate Commons Annotations {5.1.2.Final}
2022-11-17 21:47:31.953 DEBUG 944 --- [    Test worker] org.hibernate.type.BasicTypeRegistry     : Adding type registration boolean -> org.hibernate.type.BooleanType@31aab981
2022-11-17 21:47:31.953 DEBUG 944 --- [    Test worker] org.hibernate.type.BasicTypeRegistry     : Adding type registration boolean -> org.hibernate.type.BooleanType@31aab981
2022-11-17 21:47:31.953 DEBUG 944 --- [    Test worker] org.hibernate.type.BasicTypeRegistry     : Adding type registration java.lang.Boolean -> org.hibernate.type.BooleanType@31aab981
2022-11-17 21:47:31.954 DEBUG 944 --- [    Test worker] org.hibernate.type.BasicTypeRegistry     : Adding type registration numeric_boolean -> org.hibernate.type.NumericBooleanType@251d7fdd
2022-11-17 21:47:31.956 DEBUG 944 --- [    Test worker] org.hibernate.type.BasicTypeRegistry     : Adding type registration true_false -> org.hibernate.type.TrueFalseType@4b9dbf07
2022-11-17 21:47:31.958 DEBUG 944 --- [    Test worker] org.hibernate.type.BasicTypeRegistry     : Adding type registration yes_no -> org.hibernate.type.YesNoType@3312f4f4
2022-11-17 21:47:31.960 DEBUG 944 --- [    Test worker] org.hibernate.type.BasicTypeRegistry     : Adding type registration byte -> org.hibernate.type.ByteType@21f7e537
2022-11-17 21:47:31.961 DEBUG 944 --- [    Test worker] org.hibernate.type.BasicTypeRegistry     : Adding type registration byte -> org.hibernate.type.ByteType@21f7e537
2022-11-17 21:47:31.961 DEBUG 944 --- [    Test worker] org.hibernate.type.BasicTypeRegistry     : Adding type registration java.lang.Byte -> org.hibernate.type.ByteType@21f7e537
2022-11-17 21:47:31.962 DEBUG 944 --- [    Test worker] org.hibernate.type.BasicTypeRegistry     : Adding type registration character -> org.hibernate.type.CharacterType@3af2f846
2022-11-17 21:47:31.963 DEBUG 944 --- [    Test worker] org.hibernate.type.BasicTypeRegistry     : Adding type registration char -> org.hibernate.type.CharacterType@3af2f846
2022-11-17 21:47:31.963 DEBUG 944 --- [    Test worker] org.hibernate.type.BasicTypeRegistry     : Adding type registration java.lang.Character -> org.hibernate.type.CharacterType@3af2f846
2022-11-17 21:47:31.967 DEBUG 944 --- [    Test worker] org.hibernate.type.BasicTypeRegistry     : Adding type registration short -> org.hibernate.type.ShortType@284bdeed
2022-11-17 21:47:31.968 DEBUG 944 --- [    Test worker] org.hibernate.type.BasicTypeRegistry     : Adding type registration short -> org.hibernate.type.ShortType@284bdeed
2022-11-17 21:47:31.968 DEBUG 944 --- [    Test worker] org.hibernate.type.BasicTypeRegistry     : Adding type registration java.lang.Short -> org.hibernate.type.ShortType@284bdeed
2022-11-17 21:47:31.970 DEBUG 944 --- [    Test worker] org.hibernate.type.BasicTypeRegistry     : Adding type registration integer -> org.hibernate.type.IntegerType@4aed311e
2022-11-17 21:47:31.970 DEBUG 944 --- [    Test worker] org.hibernate.type.BasicTypeRegistry     : Adding type registration int -> org.hibernate.type.IntegerType@4aed311e
2022-11-17 21:47:31.970 DEBUG 944 --- [    Test worker] org.hibernate.type.BasicTypeRegistry     : Adding type registration java.lang.Integer -> org.hibernate.type.IntegerType@4aed311e
2022-11-17 21:47:31.972 DEBUG 944 --- [    Test worker] org.hibernate.type.BasicTypeRegistry     : Adding type registration long -> org.hibernate.type.LongType@6e9a0bea
2022-11-17 21:47:31.972 DEBUG 944 --- [    Test worker] org.hibernate.type.BasicTypeRegistry     : Adding type registration long -> org.hibernate.type.LongType@6e9a0bea
2022-11-17 21:47:31.972 DEBUG 944 --- [    Test worker] org.hibernate.type.BasicTypeRegistry     : Adding type registration java.lang.Long -> org.hibernate.type.LongType@6e9a0bea
2022-11-17 21:47:31.974 DEBUG 944 --- [    Test worker] org.hibernate.type.BasicTypeRegistry     : Adding type registration float -> org.hibernate.type.FloatType@41e9f86
2022-11-17 21:47:31.974 DEBUG 944 --- [    Test worker] org.hibernate.type.BasicTypeRegistry     : Adding type registration float -> org.hibernate.type.FloatType@41e9f86
2022-11-17 21:47:31.974 DEBUG 944 --- [    Test worker] org.hibernate.type.BasicTypeRegistry     : Adding type registration java.lang.Float -> org.hibernate.type.FloatType@41e9f86
2022-11-17 21:47:31.977 DEBUG 944 --- [    Test worker] org.hibernate.type.BasicTypeRegistry     : Adding type registration double -> org.hibernate.type.DoubleType@6897a4a
2022-11-17 21:47:31.977 DEBUG 944 --- [    Test worker] org.hibernate.type.BasicTypeRegistry     : Adding type registration double -> org.hibernate.type.DoubleType@6897a4a
2022-11-17 21:47:31.977 DEBUG 944 --- [    Test worker] org.hibernate.type.BasicTypeRegistry     : Adding type registration java.lang.Double -> org.hibernate.type.DoubleType@6897a4a
2022-11-17 21:47:31.980 DEBUG 944 --- [    Test worker] org.hibernate.type.BasicTypeRegistry     : Adding type registration big_decimal -> org.hibernate.type.BigDecimalType@4168f3d9
2022-11-17 21:47:31.980 DEBUG 944 --- [    Test worker] org.hibernate.type.BasicTypeRegistry     : Adding type registration java.math.BigDecimal -> org.hibernate.type.BigDecimalType@4168f3d9
2022-11-17 21:47:31.984 DEBUG 944 --- [    Test worker] org.hibernate.type.BasicTypeRegistry     : Adding type registration big_integer -> org.hibernate.type.BigIntegerType@3c7b137a
2022-11-17 21:47:31.985 DEBUG 944 --- [    Test worker] org.hibernate.type.BasicTypeRegistry     : Adding type registration java.math.BigInteger -> org.hibernate.type.BigIntegerType@3c7b137a
2022-11-17 21:47:31.989 DEBUG 944 --- [    Test worker] org.hibernate.type.BasicTypeRegistry     : Adding type registration string -> org.hibernate.type.StringType@e62319f
2022-11-17 21:47:31.990 DEBUG 944 --- [    Test worker] org.hibernate.type.BasicTypeRegistry     : Adding type registration java.lang.String -> org.hibernate.type.StringType@e62319f
2022-11-17 21:47:31.991 DEBUG 944 --- [    Test worker] org.hibernate.type.BasicTypeRegistry     : Adding type registration nstring -> org.hibernate.type.StringNVarcharType@7f3c0399
2022-11-17 21:47:31.997 DEBUG 944 --- [    Test worker] org.hibernate.type.BasicTypeRegistry     : Adding type registration ncharacter -> org.hibernate.type.CharacterNCharType@2c2c3947
2022-11-17 21:47:32.000 DEBUG 944 --- [    Test worker] org.hibernate.type.BasicTypeRegistry     : Adding type registration url -> org.hibernate.type.UrlType@73f6e07
2022-11-17 21:47:32.000 DEBUG 944 --- [    Test worker] org.hibernate.type.BasicTypeRegistry     : Adding type registration java.net.URL -> org.hibernate.type.UrlType@73f6e07
2022-11-17 21:47:32.002 DEBUG 944 --- [    Test worker] org.hibernate.type.BasicTypeRegistry     : Adding type registration Duration -> org.hibernate.type.DurationType@5b1c32e4
2022-11-17 21:47:32.002 DEBUG 944 --- [    Test worker] org.hibernate.type.BasicTypeRegistry     : Adding type registration java.time.Duration -> org.hibernate.type.DurationType@5b1c32e4
2022-11-17 21:47:32.006 DEBUG 944 --- [    Test worker] org.hibernate.type.BasicTypeRegistry     : Adding type registration Instant -> org.hibernate.type.InstantType@153d6d74
2022-11-17 21:47:32.006 DEBUG 944 --- [    Test worker] org.hibernate.type.BasicTypeRegistry     : Adding type registration java.time.Instant -> org.hibernate.type.InstantType@153d6d74
2022-11-17 21:47:32.008 DEBUG 944 --- [    Test worker] org.hibernate.type.BasicTypeRegistry     : Adding type registration LocalDateTime -> org.hibernate.type.LocalDateTimeType@6d5f4900
2022-11-17 21:47:32.008 DEBUG 944 --- [    Test worker] org.hibernate.type.BasicTypeRegistry     : Adding type registration java.time.LocalDateTime -> org.hibernate.type.LocalDateTimeType@6d5f4900
2022-11-17 21:47:32.010 DEBUG 944 --- [    Test worker] org.hibernate.type.BasicTypeRegistry     : Adding type registration LocalDate -> org.hibernate.type.LocalDateType@2478b629
2022-11-17 21:47:32.010 DEBUG 944 --- [    Test worker] org.hibernate.type.BasicTypeRegistry     : Adding type registration java.time.LocalDate -> org.hibernate.type.LocalDateType@2478b629
2022-11-17 21:47:32.011 DEBUG 944 --- [    Test worker] org.hibernate.type.BasicTypeRegistry     : Adding type registration LocalTime -> org.hibernate.type.LocalTimeType@563ccd31
2022-11-17 21:47:32.011 DEBUG 944 --- [    Test worker] org.hibernate.type.BasicTypeRegistry     : Adding type registration java.time.LocalTime -> org.hibernate.type.LocalTimeType@563ccd31
2022-11-17 21:47:32.013 DEBUG 944 --- [    Test worker] org.hibernate.type.BasicTypeRegistry     : Adding type registration OffsetDateTime -> org.hibernate.type.OffsetDateTimeType@585513a8
2022-11-17 21:47:32.013 DEBUG 944 --- [    Test worker] org.hibernate.type.BasicTypeRegistry     : Adding type registration java.time.OffsetDateTime -> org.hibernate.type.OffsetDateTimeType@585513a8
2022-11-17 21:47:32.015 DEBUG 944 --- [    Test worker] org.hibernate.type.BasicTypeRegistry     : Adding type registration OffsetTime -> org.hibernate.type.OffsetTimeType@492be039
2022-11-17 21:47:32.015 DEBUG 944 --- [    Test worker] org.hibernate.type.BasicTypeRegistry     : Adding type registration java.time.OffsetTime -> org.hibernate.type.OffsetTimeType@492be039
2022-11-17 21:47:32.018 DEBUG 944 --- [    Test worker] org.hibernate.type.BasicTypeRegistry     : Adding type registration ZonedDateTime -> org.hibernate.type.ZonedDateTimeType@261f359f
2022-11-17 21:47:32.018 DEBUG 944 --- [    Test worker] org.hibernate.type.BasicTypeRegistry     : Adding type registration java.time.ZonedDateTime -> org.hibernate.type.ZonedDateTimeType@261f359f
2022-11-17 21:47:32.020 DEBUG 944 --- [    Test worker] org.hibernate.type.BasicTypeRegistry     : Adding type registration date -> org.hibernate.type.DateType@1f916219
2022-11-17 21:47:32.020 DEBUG 944 --- [    Test worker] org.hibernate.type.BasicTypeRegistry     : Adding type registration java.sql.Date -> org.hibernate.type.DateType@1f916219
2022-11-17 21:47:32.022 DEBUG 944 --- [    Test worker] org.hibernate.type.BasicTypeRegistry     : Adding type registration time -> org.hibernate.type.TimeType@2322e56f
2022-11-17 21:47:32.022 DEBUG 944 --- [    Test worker] org.hibernate.type.BasicTypeRegistry     : Adding type registration java.sql.Time -> org.hibernate.type.TimeType@2322e56f
2022-11-17 21:47:32.024 DEBUG 944 --- [    Test worker] org.hibernate.type.BasicTypeRegistry     : Adding type registration timestamp -> org.hibernate.type.TimestampType@16cf8438
2022-11-17 21:47:32.024 DEBUG 944 --- [    Test worker] org.hibernate.type.BasicTypeRegistry     : Adding type registration java.sql.Timestamp -> org.hibernate.type.TimestampType@16cf8438
2022-11-17 21:47:32.024 DEBUG 944 --- [    Test worker] org.hibernate.type.BasicTypeRegistry     : Adding type registration java.util.Date -> org.hibernate.type.TimestampType@16cf8438
2022-11-17 21:47:32.028 DEBUG 944 --- [    Test worker] org.hibernate.type.BasicTypeRegistry     : Adding type registration dbtimestamp -> org.hibernate.type.DbTimestampType@5968800d
2022-11-17 21:47:32.032 DEBUG 944 --- [    Test worker] org.hibernate.type.BasicTypeRegistry     : Adding type registration calendar -> org.hibernate.type.CalendarType@752b69e3
2022-11-17 21:47:32.032 DEBUG 944 --- [    Test worker] org.hibernate.type.BasicTypeRegistry     : Adding type registration java.util.Calendar -> org.hibernate.type.CalendarType@752b69e3
2022-11-17 21:47:32.032 DEBUG 944 --- [    Test worker] org.hibernate.type.BasicTypeRegistry     : Adding type registration java.util.GregorianCalendar -> org.hibernate.type.CalendarType@752b69e3
2022-11-17 21:47:32.038 DEBUG 944 --- [    Test worker] org.hibernate.type.BasicTypeRegistry     : Adding type registration calendar_date -> org.hibernate.type.CalendarDateType@3d104c9b
2022-11-17 21:47:32.040 DEBUG 944 --- [    Test worker] org.hibernate.type.BasicTypeRegistry     : Adding type registration calendar_time -> org.hibernate.type.CalendarTimeType@7c8874ef
2022-11-17 21:47:32.042 DEBUG 944 --- [    Test worker] org.hibernate.type.BasicTypeRegistry     : Adding type registration locale -> org.hibernate.type.LocaleType@76396509
2022-11-17 21:47:32.042 DEBUG 944 --- [    Test worker] org.hibernate.type.BasicTypeRegistry     : Adding type registration java.util.Locale -> org.hibernate.type.LocaleType@76396509
2022-11-17 21:47:32.043 DEBUG 944 --- [    Test worker] org.hibernate.type.BasicTypeRegistry     : Adding type registration currency -> org.hibernate.type.CurrencyType@5c3d4f05
2022-11-17 21:47:32.044 DEBUG 944 --- [    Test worker] org.hibernate.type.BasicTypeRegistry     : Adding type registration java.util.Currency -> org.hibernate.type.CurrencyType@5c3d4f05
2022-11-17 21:47:32.045 DEBUG 944 --- [    Test worker] org.hibernate.type.BasicTypeRegistry     : Adding type registration timezone -> org.hibernate.type.TimeZoneType@6d0e45a5
2022-11-17 21:47:32.046 DEBUG 944 --- [    Test worker] org.hibernate.type.BasicTypeRegistry     : Adding type registration java.util.TimeZone -> org.hibernate.type.TimeZoneType@6d0e45a5
2022-11-17 21:47:32.047 DEBUG 944 --- [    Test worker] org.hibernate.type.BasicTypeRegistry     : Adding type registration class -> org.hibernate.type.ClassType@2e6d76ba
2022-11-17 21:47:32.047 DEBUG 944 --- [    Test worker] org.hibernate.type.BasicTypeRegistry     : Adding type registration java.lang.Class -> org.hibernate.type.ClassType@2e6d76ba
2022-11-17 21:47:32.048 DEBUG 944 --- [    Test worker] org.hibernate.type.BasicTypeRegistry     : Adding type registration uuid-binary -> org.hibernate.type.UUIDBinaryType@496cc217
2022-11-17 21:47:32.048 DEBUG 944 --- [    Test worker] org.hibernate.type.BasicTypeRegistry     : Adding type registration java.util.UUID -> org.hibernate.type.UUIDBinaryType@496cc217
2022-11-17 21:47:32.049 DEBUG 944 --- [    Test worker] org.hibernate.type.BasicTypeRegistry     : Adding type registration uuid-char -> org.hibernate.type.UUIDCharType@17ff8810
2022-11-17 21:47:32.051 DEBUG 944 --- [    Test worker] org.hibernate.type.BasicTypeRegistry     : Adding type registration binary -> org.hibernate.type.BinaryType@de77146
2022-11-17 21:47:32.051 DEBUG 944 --- [    Test worker] org.hibernate.type.BasicTypeRegistry     : Adding type registration byte[] -> org.hibernate.type.BinaryType@de77146
2022-11-17 21:47:32.051 DEBUG 944 --- [    Test worker] org.hibernate.type.BasicTypeRegistry     : Adding type registration [B -> org.hibernate.type.BinaryType@de77146
2022-11-17 21:47:32.052 DEBUG 944 --- [    Test worker] org.hibernate.type.BasicTypeRegistry     : Adding type registration wrapper-binary -> org.hibernate.type.WrapperBinaryType@34136bd1
2022-11-17 21:47:32.053 DEBUG 944 --- [    Test worker] org.hibernate.type.BasicTypeRegistry     : Adding type registration Byte[] -> org.hibernate.type.WrapperBinaryType@34136bd1
2022-11-17 21:47:32.053 DEBUG 944 --- [    Test worker] org.hibernate.type.BasicTypeRegistry     : Adding type registration [Ljava.lang.Byte; -> org.hibernate.type.WrapperBinaryType@34136bd1
2022-11-17 21:47:32.058 DEBUG 944 --- [    Test worker] org.hibernate.type.BasicTypeRegistry     : Adding type registration row_version -> org.hibernate.type.RowVersionType@34c7232c
2022-11-17 21:47:32.061 DEBUG 944 --- [    Test worker] org.hibernate.type.BasicTypeRegistry     : Adding type registration image -> org.hibernate.type.ImageType@2589d787
2022-11-17 21:47:32.062 DEBUG 944 --- [    Test worker] org.hibernate.type.BasicTypeRegistry     : Adding type registration characters -> org.hibernate.type.CharArrayType@578a5ce8
2022-11-17 21:47:32.062 DEBUG 944 --- [    Test worker] org.hibernate.type.BasicTypeRegistry     : Adding type registration char[] -> org.hibernate.type.CharArrayType@578a5ce8
2022-11-17 21:47:32.062 DEBUG 944 --- [    Test worker] org.hibernate.type.BasicTypeRegistry     : Adding type registration [C -> org.hibernate.type.CharArrayType@578a5ce8
2022-11-17 21:47:32.064 DEBUG 944 --- [    Test worker] org.hibernate.type.BasicTypeRegistry     : Adding type registration wrapper-characters -> org.hibernate.type.CharacterArrayType@71936a92
2022-11-17 21:47:32.064 DEBUG 944 --- [    Test worker] org.hibernate.type.BasicTypeRegistry     : Adding type registration [Ljava.lang.Character; -> org.hibernate.type.CharacterArrayType@71936a92
2022-11-17 21:47:32.064 DEBUG 944 --- [    Test worker] org.hibernate.type.BasicTypeRegistry     : Adding type registration Character[] -> org.hibernate.type.CharacterArrayType@71936a92
2022-11-17 21:47:32.065 DEBUG 944 --- [    Test worker] org.hibernate.type.BasicTypeRegistry     : Adding type registration text -> org.hibernate.type.TextType@2f2e4bde
2022-11-17 21:47:32.065 DEBUG 944 --- [    Test worker] org.hibernate.type.BasicTypeRegistry     : Adding type registration ntext -> org.hibernate.type.NTextType@508ad266
2022-11-17 21:47:32.067 DEBUG 944 --- [    Test worker] org.hibernate.type.BasicTypeRegistry     : Adding type registration blob -> org.hibernate.type.BlobType@37606fee
2022-11-17 21:47:32.067 DEBUG 944 --- [    Test worker] org.hibernate.type.BasicTypeRegistry     : Adding type registration java.sql.Blob -> org.hibernate.type.BlobType@37606fee
2022-11-17 21:47:32.068 DEBUG 944 --- [    Test worker] org.hibernate.type.BasicTypeRegistry     : Adding type registration materialized_blob -> org.hibernate.type.MaterializedBlobType@65cc5252
2022-11-17 21:47:32.070 DEBUG 944 --- [    Test worker] org.hibernate.type.BasicTypeRegistry     : Adding type registration clob -> org.hibernate.type.ClobType@675b18ff
2022-11-17 21:47:32.070 DEBUG 944 --- [    Test worker] org.hibernate.type.BasicTypeRegistry     : Adding type registration java.sql.Clob -> org.hibernate.type.ClobType@675b18ff
2022-11-17 21:47:32.072 DEBUG 944 --- [    Test worker] org.hibernate.type.BasicTypeRegistry     : Adding type registration nclob -> org.hibernate.type.NClobType@4ffced4e
2022-11-17 21:47:32.073 DEBUG 944 --- [    Test worker] org.hibernate.type.BasicTypeRegistry     : Adding type registration java.sql.NClob -> org.hibernate.type.NClobType@4ffced4e
2022-11-17 21:47:32.074 DEBUG 944 --- [    Test worker] org.hibernate.type.BasicTypeRegistry     : Adding type registration materialized_clob -> org.hibernate.type.MaterializedClobType@2bd8f7db
2022-11-17 21:47:32.075 DEBUG 944 --- [    Test worker] org.hibernate.type.BasicTypeRegistry     : Adding type registration materialized_nclob -> org.hibernate.type.MaterializedNClobType@681061d6
2022-11-17 21:47:32.078 DEBUG 944 --- [    Test worker] org.hibernate.type.BasicTypeRegistry     : Adding type registration serializable -> org.hibernate.type.SerializableType@63e5b8aa
2022-11-17 21:47:32.084 DEBUG 944 --- [    Test worker] org.hibernate.type.BasicTypeRegistry     : Adding type registration object -> org.hibernate.type.ObjectType@70881123
2022-11-17 21:47:32.084 DEBUG 944 --- [    Test worker] org.hibernate.type.BasicTypeRegistry     : Adding type registration java.lang.Object -> org.hibernate.type.ObjectType@70881123
2022-11-17 21:47:32.088 DEBUG 944 --- [    Test worker] org.hibernate.type.BasicTypeRegistry     : Adding type registration imm_date -> org.hibernate.type.AdaptedImmutableType@3f6cce7f
2022-11-17 21:47:32.091 DEBUG 944 --- [    Test worker] org.hibernate.type.BasicTypeRegistry     : Adding type registration imm_time -> org.hibernate.type.AdaptedImmutableType@2725ca05
2022-11-17 21:47:32.091 DEBUG 944 --- [    Test worker] org.hibernate.type.BasicTypeRegistry     : Adding type registration imm_timestamp -> org.hibernate.type.AdaptedImmutableType@7b9088f2
2022-11-17 21:47:32.091 DEBUG 944 --- [    Test worker] org.hibernate.type.BasicTypeRegistry     : Adding type registration imm_dbtimestamp -> org.hibernate.type.AdaptedImmutableType@1a914089
2022-11-17 21:47:32.091 DEBUG 944 --- [    Test worker] org.hibernate.type.BasicTypeRegistry     : Adding type registration imm_calendar -> org.hibernate.type.AdaptedImmutableType@43d76a92
2022-11-17 21:47:32.091 DEBUG 944 --- [    Test worker] org.hibernate.type.BasicTypeRegistry     : Adding type registration imm_calendar_date -> org.hibernate.type.AdaptedImmutableType@4a2bf50f
2022-11-17 21:47:32.092 DEBUG 944 --- [    Test worker] org.hibernate.type.BasicTypeRegistry     : Adding type registration imm_binary -> org.hibernate.type.AdaptedImmutableType@350323a0
2022-11-17 21:47:32.092 DEBUG 944 --- [    Test worker] org.hibernate.type.BasicTypeRegistry     : Adding type registration imm_serializable -> org.hibernate.type.AdaptedImmutableType@2506b881
2022-11-17 21:47:32.181  INFO 944 --- [    Test worker] com.zaxxer.hikari.HikariDataSource       : HikariPool-1 - Starting...
2022-11-17 21:47:33.759  INFO 944 --- [    Test worker] com.zaxxer.hikari.HikariDataSource       : HikariPool-1 - Start completed.
2022-11-17 21:47:33.792  INFO 944 --- [    Test worker] org.hibernate.dialect.Dialect            : HHH000400: Using dialect: org.hibernate.dialect.MySQL8Dialect
2022-11-17 21:47:33.850 DEBUG 944 --- [    Test worker] o.h.type.spi.TypeConfiguration$Scope     : Scoping TypeConfiguration [org.hibernate.type.spi.TypeConfiguration@18c820d2] to MetadataBuildingContext [org.hibernate.boot.internal.MetadataBuildingContextRootImpl@3d3930fe]
2022-11-17 21:47:34.350 DEBUG 944 --- [    Test worker] o.h.type.spi.TypeConfiguration$Scope     : Scoping TypeConfiguration [org.hibernate.type.spi.TypeConfiguration@18c820d2] to SessionFactoryImpl [org.hibernate.internal.SessionFactoryImpl@61eab26b]
2022-11-17 21:47:37.264  INFO 944 --- [    Test worker] o.h.e.t.j.p.i.JtaPlatformInitiator       : HHH000490: Using JtaPlatform implementation: [org.hibernate.engine.transaction.jta.platform.internal.NoJtaPlatform]
2022-11-17 21:47:37.280 TRACE 944 --- [    Test worker] o.h.type.spi.TypeConfiguration$Scope     : Handling #sessionFactoryCreated from [org.hibernate.internal.SessionFactoryImpl@61eab26b] for TypeConfiguration
2022-11-17 21:47:37.283  INFO 944 --- [    Test worker] j.LocalContainerEntityManagerFactoryBean : Initialized JPA EntityManagerFactory for persistence unit 'default'
2022-11-17 21:47:39.210  WARN 944 --- [    Test worker] JpaBaseConfiguration$JpaWebConfiguration : spring.jpa.open-in-view is enabled by default. Therefore, database queries may be performed during view rendering. Explicitly configure spring.jpa.open-in-view to disable this warning
2022-11-17 21:47:41.242  INFO 944 --- [    Test worker] org.generation.GuidaniApplicationTests   : Started GuidaniApplicationTests in 14.429 seconds (JVM running for 17.224)
]]></system-out>
  <system-err><![CDATA[]]></system-err>
</testsuite>
